2024-03-22 11:44:34,069 [Worker-5: Loading available Gradle versions] INFO  o.e.b.c.i.u.g.PublishedGradleVersions - Gradle version information cache is up-to-date. Trying to read.
2024-03-22 11:45:35,229 [Worker-6: Importing Maven projects] INFO  o.e.m.c.i.l.LifecycleMappingFactory - Using org.eclipse.m2e.jdt.JarLifecycleMapping lifecycle mapping for MavenProject: com.ftninformatika.jwd.modul3:Cinema-M3-t5-spring-security-end:0.0.1-SNAPSHOT @ /home/korisnik/Desktop/Test/Test - back/pom.xml.
2024-03-22 11:45:37,353 [Worker-6: Importing Maven projects] INFO  o.e.m.j.i.AbstractJavaProjectConfigurator - Adding source folder /Test - back/src/main/java
2024-03-22 11:45:37,353 [Worker-6: Importing Maven projects] INFO  o.e.m.j.i.AbstractJavaProjectConfigurator - Adding resource folder /Test - back/src/main/resources
2024-03-22 11:45:37,354 [Worker-6: Importing Maven projects] INFO  o.e.m.j.i.AbstractJavaProjectConfigurator - Adding resource folder /Test - back/src/main/resources
2024-03-22 11:45:37,357 [Worker-6: Importing Maven projects] INFO  o.e.m.j.i.AbstractJavaProjectConfigurator - Adding source folder /Test - back/src/test/java
2024-03-22 11:45:37,358 [Worker-6: Importing Maven projects] INFO  o.e.m.j.i.AbstractJavaProjectConfigurator - Adding resource folder /Test - back/src/test/resources
2024-03-22 11:45:37,531 [Worker-6: Importing Maven projects] INFO  o.e.m.c.i.p.ProjectConfigurationManager - Imported and configured 1 project(s) in 5 sec
2024-03-22 11:45:39,727 [Worker-19: Building] INFO  o.e.m.c.i.embedder.EclipseLogger - Using 'UTF-8' encoding to copy filtered resources.
2024-03-22 11:45:39,732 [Worker-19: Building] INFO  o.e.m.c.i.embedder.EclipseLogger - Copying 1 resource
2024-03-22 11:45:39,762 [Worker-19: Building] INFO  o.e.m.c.i.embedder.EclipseLogger - Copying 4 resources
2024-03-22 11:45:39,778 [Worker-19: Building] INFO  o.e.m.c.i.embedder.EclipseLogger - Using 'UTF-8' encoding to copy filtered resources.
2024-03-22 11:45:39,778 [Worker-19: Building] INFO  o.e.m.c.i.embedder.EclipseLogger - skip non existing resourceDirectory /home/korisnik/Desktop/Test/Test - back/src/test/resources
2024-03-24 18:21:32,072 [Worker-1: Loading available Gradle versions] INFO  o.e.b.c.i.u.g.PublishedGradleVersions - Gradle version information cache is up-to-date. Trying to read.
2024-03-24 18:22:37,483 [Worker-17: Importing Maven projects] INFO  o.e.m.c.i.l.LifecycleMappingFactory - Using org.eclipse.m2e.jdt.JarLifecycleMapping lifecycle mapping for MavenProject: com.ftninformatika.jwd.modul3:Cinema-M3-t5-spring-security-end:0.0.1-SNAPSHOT @ /home/korisnik/Desktop/Sprint/Test - back/pom.xml.
2024-03-24 18:22:38,225 [Worker-17: Importing Maven projects] INFO  o.e.m.j.i.AbstractJavaProjectConfigurator - Adding source folder /Sprinit/src/main/java
2024-03-24 18:22:38,225 [Worker-17: Importing Maven projects] INFO  o.e.m.j.i.AbstractJavaProjectConfigurator - Adding resource folder /Sprinit/src/main/resources
2024-03-24 18:22:38,226 [Worker-17: Importing Maven projects] INFO  o.e.m.j.i.AbstractJavaProjectConfigurator - Adding resource folder /Sprinit/src/main/resources
2024-03-24 18:22:38,227 [Worker-17: Importing Maven projects] INFO  o.e.m.j.i.AbstractJavaProjectConfigurator - Adding source folder /Sprinit/src/test/java
2024-03-24 18:22:38,228 [Worker-17: Importing Maven projects] INFO  o.e.m.j.i.AbstractJavaProjectConfigurator - Adding resource folder /Sprinit/src/test/resources
2024-03-24 18:22:38,308 [Worker-17: Importing Maven projects] INFO  o.e.m.c.i.p.ProjectConfigurationManager - Imported and configured 1 project(s) in 1 sec
2024-03-24 18:22:39,277 [Worker-1: Building] INFO  o.e.m.c.i.embedder.EclipseLogger - Using 'UTF-8' encoding to copy filtered resources.
2024-03-24 18:22:39,281 [Worker-1: Building] INFO  o.e.m.c.i.embedder.EclipseLogger - Copying 1 resource
2024-03-24 18:22:39,302 [Worker-1: Building] INFO  o.e.m.c.i.embedder.EclipseLogger - Copying 4 resources
2024-03-24 18:22:39,317 [Worker-1: Building] INFO  o.e.m.c.i.embedder.EclipseLogger - Using 'UTF-8' encoding to copy filtered resources.
2024-03-24 18:22:39,318 [Worker-1: Building] INFO  o.e.m.c.i.embedder.EclipseLogger - skip non existing resourceDirectory /home/korisnik/Desktop/Sprint/Test - back/src/test/resources
2024-03-24 18:23:44,006 [Worker-24: Updating Maven Project] INFO  o.e.m.c.i.p.ProjectConfigurationManager - Update started
2024-03-24 18:23:44,944 [Worker-24: Updating Maven Project] INFO  o.e.m.c.i.l.LifecycleMappingFactory - Using org.eclipse.m2e.jdt.JarLifecycleMapping lifecycle mapping for MavenProject: com.ftninformatika.jwd.modul3:Cinema-M3-t5-spring-security-end:0.0.1-SNAPSHOT @ /home/korisnik/Desktop/Banka/Test - back/pom.xml.
2024-03-24 18:23:45,110 [Worker-24: Updating Maven Project] INFO  o.e.m.j.i.AbstractJavaProjectConfigurator - Adding source folder /Test - back/src/main/java
2024-03-24 18:23:45,111 [Worker-24: Updating Maven Project] INFO  o.e.m.j.i.AbstractJavaProjectConfigurator - Adding resource folder /Test - back/src/main/resources
2024-03-24 18:23:45,111 [Worker-24: Updating Maven Project] INFO  o.e.m.j.i.AbstractJavaProjectConfigurator - Adding resource folder /Test - back/src/main/resources
2024-03-24 18:23:45,112 [Worker-24: Updating Maven Project] INFO  o.e.m.j.i.AbstractJavaProjectConfigurator - Adding source folder /Test - back/src/test/java
2024-03-24 18:23:45,113 [Worker-24: Updating Maven Project] INFO  o.e.m.j.i.AbstractJavaProjectConfigurator - Adding resource folder /Test - back/src/test/resources
2024-03-24 18:23:45,451 [Worker-24: Updating Maven Project] INFO  o.e.m.c.i.p.ProjectConfigurationManager - Update completed for 1 poms: local refresh takes 0.00 sec, refresh facades takes 1.00 sec, update config takes 0.00 sec 
2024-03-24 18:23:46,075 [Worker-15: Building] INFO  o.e.m.c.i.embedder.EclipseLogger - Using 'UTF-8' encoding to copy filtered resources.
2024-03-24 18:23:46,076 [Worker-15: Building] INFO  o.e.m.c.i.embedder.EclipseLogger - Copying 1 resource
2024-03-24 18:23:46,078 [Worker-15: Building] INFO  o.e.m.c.i.embedder.EclipseLogger - Copying 4 resources
2024-03-24 18:23:46,084 [Worker-15: Building] INFO  o.e.m.c.i.embedder.EclipseLogger - Using 'UTF-8' encoding to copy filtered resources.
2024-03-24 18:23:46,084 [Worker-15: Building] INFO  o.e.m.c.i.embedder.EclipseLogger - skip non existing resourceDirectory /home/korisnik/Desktop/Banka/Test - back/src/test/resources
2024-03-24 18:26:34,832 [Worker-24: Building] INFO  o.e.m.c.i.embedder.EclipseLogger - Using 'UTF-8' encoding to copy filtered resources.
2024-03-24 18:26:34,835 [Worker-24: Building] INFO  o.e.m.c.i.embedder.EclipseLogger - Copying 1 resource
2024-03-24 18:26:34,837 [Worker-24: Building] INFO  o.e.m.c.i.embedder.EclipseLogger - Copying 4 resources
2024-03-24 18:26:34,844 [Worker-24: Building] INFO  o.e.m.c.i.embedder.EclipseLogger - Using 'UTF-8' encoding to copy filtered resources.
2024-03-24 18:26:34,844 [Worker-24: Building] INFO  o.e.m.c.i.embedder.EclipseLogger - skip non existing resourceDirectory /home/korisnik/Desktop/Banka/Test - back/src/test/resources
2024-03-24 18:27:47,417 [Worker-25: Building] INFO  o.e.m.c.i.embedder.EclipseLogger - Using 'UTF-8' encoding to copy filtered resources.
2024-03-24 18:27:47,418 [Worker-25: Building] INFO  o.e.m.c.i.embedder.EclipseLogger - Copying 1 resource
2024-03-24 18:27:47,420 [Worker-25: Building] INFO  o.e.m.c.i.embedder.EclipseLogger - Copying 4 resources
2024-03-24 18:27:47,424 [Worker-25: Building] INFO  o.e.m.c.i.embedder.EclipseLogger - Using 'UTF-8' encoding to copy filtered resources.
2024-03-24 18:27:47,424 [Worker-25: Building] INFO  o.e.m.c.i.embedder.EclipseLogger - skip non existing resourceDirectory /home/korisnik/Desktop/Banka/Test - back/src/test/resources
2024-03-24 18:27:54,648 [Worker-25: Building] INFO  o.e.m.c.i.embedder.EclipseLogger - Using 'UTF-8' encoding to copy filtered resources.
2024-03-24 18:27:54,648 [Worker-25: Building] INFO  o.e.m.c.i.embedder.EclipseLogger - Copying 1 resource
2024-03-24 18:27:54,650 [Worker-25: Building] INFO  o.e.m.c.i.embedder.EclipseLogger - Copying 4 resources
2024-03-24 18:27:54,655 [Worker-25: Building] INFO  o.e.m.c.i.embedder.EclipseLogger - Using 'UTF-8' encoding to copy filtered resources.
2024-03-24 18:27:54,655 [Worker-25: Building] INFO  o.e.m.c.i.embedder.EclipseLogger - skip non existing resourceDirectory /home/korisnik/Desktop/Banka/Test - back/src/test/resources
2024-03-24 18:29:12,469 [Worker-20: Building] INFO  o.e.m.c.i.embedder.EclipseLogger - Using 'UTF-8' encoding to copy filtered resources.
2024-03-24 18:29:12,469 [Worker-20: Building] INFO  o.e.m.c.i.embedder.EclipseLogger - Copying 1 resource
2024-03-24 18:29:12,471 [Worker-20: Building] INFO  o.e.m.c.i.embedder.EclipseLogger - Copying 4 resources
2024-03-24 18:29:12,476 [Worker-20: Building] INFO  o.e.m.c.i.embedder.EclipseLogger - Using 'UTF-8' encoding to copy filtered resources.
2024-03-24 18:29:12,477 [Worker-20: Building] INFO  o.e.m.c.i.embedder.EclipseLogger - skip non existing resourceDirectory /home/korisnik/Desktop/Banka/Test - back/src/test/resources
2024-03-24 18:29:17,774 [Worker-24: Building] INFO  o.e.m.c.i.embedder.EclipseLogger - Using 'UTF-8' encoding to copy filtered resources.
2024-03-24 18:29:17,774 [Worker-24: Building] INFO  o.e.m.c.i.embedder.EclipseLogger - Copying 1 resource
2024-03-24 18:29:17,775 [Worker-24: Building] INFO  o.e.m.c.i.embedder.EclipseLogger - Copying 4 resources
2024-03-24 18:29:17,780 [Worker-24: Building] INFO  o.e.m.c.i.embedder.EclipseLogger - Using 'UTF-8' encoding to copy filtered resources.
2024-03-24 18:29:17,780 [Worker-24: Building] INFO  o.e.m.c.i.embedder.EclipseLogger - skip non existing resourceDirectory /home/korisnik/Desktop/Banka/Test - back/src/test/resources
2024-03-24 18:33:56,531 [Worker-24: Building] INFO  o.e.m.c.i.embedder.EclipseLogger - Using 'UTF-8' encoding to copy filtered resources.
2024-03-24 18:33:56,531 [Worker-24: Building] INFO  o.e.m.c.i.embedder.EclipseLogger - Copying 1 resource
2024-03-24 18:33:56,532 [Worker-24: Building] INFO  o.e.m.c.i.embedder.EclipseLogger - Copying 4 resources
2024-03-24 18:33:56,539 [Worker-24: Building] INFO  o.e.m.c.i.embedder.EclipseLogger - Using 'UTF-8' encoding to copy filtered resources.
2024-03-24 18:33:56,539 [Worker-24: Building] INFO  o.e.m.c.i.embedder.EclipseLogger - skip non existing resourceDirectory /home/korisnik/Desktop/Banka/Test - back/src/test/resources
2024-03-24 18:36:42,290 [Worker-24: Building] INFO  o.e.m.c.i.embedder.EclipseLogger - Using 'UTF-8' encoding to copy filtered resources.
2024-03-24 18:36:42,290 [Worker-24: Building] INFO  o.e.m.c.i.embedder.EclipseLogger - Copying 1 resource
2024-03-24 18:36:42,291 [Worker-24: Building] INFO  o.e.m.c.i.embedder.EclipseLogger - Copying 4 resources
2024-03-24 18:36:42,295 [Worker-24: Building] INFO  o.e.m.c.i.embedder.EclipseLogger - Using 'UTF-8' encoding to copy filtered resources.
2024-03-24 18:36:42,295 [Worker-24: Building] INFO  o.e.m.c.i.embedder.EclipseLogger - skip non existing resourceDirectory /home/korisnik/Desktop/Banka/Test - back/src/test/resources
2024-03-24 18:37:29,552 [Worker-26: Building] INFO  o.e.m.c.i.embedder.EclipseLogger - Using 'UTF-8' encoding to copy filtered resources.
2024-03-24 18:37:29,552 [Worker-26: Building] INFO  o.e.m.c.i.embedder.EclipseLogger - Copying 1 resource
2024-03-24 18:37:29,553 [Worker-26: Building] INFO  o.e.m.c.i.embedder.EclipseLogger - Copying 4 resources
2024-03-24 18:37:29,557 [Worker-26: Building] INFO  o.e.m.c.i.embedder.EclipseLogger - Using 'UTF-8' encoding to copy filtered resources.
2024-03-24 18:37:29,557 [Worker-26: Building] INFO  o.e.m.c.i.embedder.EclipseLogger - skip non existing resourceDirectory /home/korisnik/Desktop/Banka/Test - back/src/test/resources
2024-03-24 18:38:05,558 [Worker-27: Building] INFO  o.e.m.c.i.embedder.EclipseLogger - Using 'UTF-8' encoding to copy filtered resources.
2024-03-24 18:38:05,558 [Worker-27: Building] INFO  o.e.m.c.i.embedder.EclipseLogger - Copying 1 resource
2024-03-24 18:38:05,560 [Worker-27: Building] INFO  o.e.m.c.i.embedder.EclipseLogger - Copying 4 resources
2024-03-24 18:38:05,564 [Worker-27: Building] INFO  o.e.m.c.i.embedder.EclipseLogger - Using 'UTF-8' encoding to copy filtered resources.
2024-03-24 18:38:05,564 [Worker-27: Building] INFO  o.e.m.c.i.embedder.EclipseLogger - skip non existing resourceDirectory /home/korisnik/Desktop/Banka/Test - back/src/test/resources
2024-03-24 18:38:28,889 [Worker-27: Building] INFO  o.e.m.c.i.embedder.EclipseLogger - Using 'UTF-8' encoding to copy filtered resources.
2024-03-24 18:38:28,890 [Worker-27: Building] INFO  o.e.m.c.i.embedder.EclipseLogger - Copying 1 resource
2024-03-24 18:38:28,891 [Worker-27: Building] INFO  o.e.m.c.i.embedder.EclipseLogger - Copying 4 resources
2024-03-24 18:38:28,896 [Worker-27: Building] INFO  o.e.m.c.i.embedder.EclipseLogger - Using 'UTF-8' encoding to copy filtered resources.
2024-03-24 18:38:28,896 [Worker-27: Building] INFO  o.e.m.c.i.embedder.EclipseLogger - skip non existing resourceDirectory /home/korisnik/Desktop/Banka/Test - back/src/test/resources
2024-03-24 18:38:51,283 [Worker-24: Building] INFO  o.e.m.c.i.embedder.EclipseLogger - Using 'UTF-8' encoding to copy filtered resources.
2024-03-24 18:38:51,284 [Worker-24: Building] INFO  o.e.m.c.i.embedder.EclipseLogger - Copying 1 resource
2024-03-24 18:38:51,285 [Worker-24: Building] INFO  o.e.m.c.i.embedder.EclipseLogger - Copying 4 resources
2024-03-24 18:38:51,289 [Worker-24: Building] INFO  o.e.m.c.i.embedder.EclipseLogger - Using 'UTF-8' encoding to copy filtered resources.
2024-03-24 18:38:51,289 [Worker-24: Building] INFO  o.e.m.c.i.embedder.EclipseLogger - skip non existing resourceDirectory /home/korisnik/Desktop/Banka/Test - back/src/test/resources
2024-03-24 18:39:09,291 [Worker-25: Building] INFO  o.e.m.c.i.embedder.EclipseLogger - Using 'UTF-8' encoding to copy filtered resources.
2024-03-24 18:39:09,291 [Worker-25: Building] INFO  o.e.m.c.i.embedder.EclipseLogger - Copying 1 resource
2024-03-24 18:39:09,292 [Worker-25: Building] INFO  o.e.m.c.i.embedder.EclipseLogger - Copying 4 resources
2024-03-24 18:39:09,297 [Worker-25: Building] INFO  o.e.m.c.i.embedder.EclipseLogger - Using 'UTF-8' encoding to copy filtered resources.
2024-03-24 18:39:09,297 [Worker-25: Building] INFO  o.e.m.c.i.embedder.EclipseLogger - skip non existing resourceDirectory /home/korisnik/Desktop/Banka/Test - back/src/test/resources
2024-03-24 18:40:07,985 [Worker-24: Building] INFO  o.e.m.c.i.embedder.EclipseLogger - Using 'UTF-8' encoding to copy filtered resources.
2024-03-24 18:40:07,986 [Worker-24: Building] INFO  o.e.m.c.i.embedder.EclipseLogger - Copying 1 resource
2024-03-24 18:40:07,988 [Worker-24: Building] INFO  o.e.m.c.i.embedder.EclipseLogger - Copying 4 resources
2024-03-24 18:40:08,001 [Worker-24: Building] INFO  o.e.m.c.i.embedder.EclipseLogger - Using 'UTF-8' encoding to copy filtered resources.
2024-03-24 18:40:08,002 [Worker-24: Building] INFO  o.e.m.c.i.embedder.EclipseLogger - skip non existing resourceDirectory /home/korisnik/Desktop/Banka/Test - back/src/test/resources
2024-03-24 18:40:57,814 [Worker-20: Building] INFO  o.e.m.c.i.embedder.EclipseLogger - Using 'UTF-8' encoding to copy filtered resources.
2024-03-24 18:40:57,815 [Worker-20: Building] INFO  o.e.m.c.i.embedder.EclipseLogger - Copying 1 resource
2024-03-24 18:40:57,816 [Worker-20: Building] INFO  o.e.m.c.i.embedder.EclipseLogger - Copying 4 resources
2024-03-24 18:40:57,821 [Worker-20: Building] INFO  o.e.m.c.i.embedder.EclipseLogger - Using 'UTF-8' encoding to copy filtered resources.
2024-03-24 18:40:57,822 [Worker-20: Building] INFO  o.e.m.c.i.embedder.EclipseLogger - skip non existing resourceDirectory /home/korisnik/Desktop/Banka/Test - back/src/test/resources
2024-03-24 18:41:32,493 [Worker-25: Building] INFO  o.e.m.c.i.embedder.EclipseLogger - Using 'UTF-8' encoding to copy filtered resources.
2024-03-24 18:41:32,494 [Worker-25: Building] INFO  o.e.m.c.i.embedder.EclipseLogger - Copying 1 resource
2024-03-24 18:41:32,495 [Worker-25: Building] INFO  o.e.m.c.i.embedder.EclipseLogger - Copying 4 resources
2024-03-24 18:41:32,501 [Worker-25: Building] INFO  o.e.m.c.i.embedder.EclipseLogger - Using 'UTF-8' encoding to copy filtered resources.
2024-03-24 18:41:32,501 [Worker-25: Building] INFO  o.e.m.c.i.embedder.EclipseLogger - skip non existing resourceDirectory /home/korisnik/Desktop/Banka/Test - back/src/test/resources
2024-03-24 18:41:53,686 [Worker-20: Building] INFO  o.e.m.c.i.embedder.EclipseLogger - Using 'UTF-8' encoding to copy filtered resources.
2024-03-24 18:41:53,686 [Worker-20: Building] INFO  o.e.m.c.i.embedder.EclipseLogger - Copying 1 resource
2024-03-24 18:41:53,687 [Worker-20: Building] INFO  o.e.m.c.i.embedder.EclipseLogger - Copying 4 resources
2024-03-24 18:41:53,692 [Worker-20: Building] INFO  o.e.m.c.i.embedder.EclipseLogger - Using 'UTF-8' encoding to copy filtered resources.
2024-03-24 18:41:53,692 [Worker-20: Building] INFO  o.e.m.c.i.embedder.EclipseLogger - skip non existing resourceDirectory /home/korisnik/Desktop/Banka/Test - back/src/test/resources
2024-03-24 18:43:25,924 [Worker-26: Building] INFO  o.e.m.c.i.embedder.EclipseLogger - Using 'UTF-8' encoding to copy filtered resources.
2024-03-24 18:43:25,925 [Worker-26: Building] INFO  o.e.m.c.i.embedder.EclipseLogger - Copying 1 resource
2024-03-24 18:43:25,927 [Worker-26: Building] INFO  o.e.m.c.i.embedder.EclipseLogger - Copying 4 resources
2024-03-24 18:43:25,933 [Worker-26: Building] INFO  o.e.m.c.i.embedder.EclipseLogger - Using 'UTF-8' encoding to copy filtered resources.
2024-03-24 18:43:25,934 [Worker-26: Building] INFO  o.e.m.c.i.embedder.EclipseLogger - skip non existing resourceDirectory /home/korisnik/Desktop/Banka/Test - back/src/test/resources
2024-03-24 18:43:30,211 [Worker-28: Building] INFO  o.e.m.c.i.embedder.EclipseLogger - Using 'UTF-8' encoding to copy filtered resources.
2024-03-24 18:43:30,211 [Worker-28: Building] INFO  o.e.m.c.i.embedder.EclipseLogger - Copying 0 resource
2024-03-24 18:43:30,213 [Worker-28: Building] INFO  o.e.m.c.i.embedder.EclipseLogger - Copying 1 resource
2024-03-24 18:43:30,217 [Worker-28: Building] INFO  o.e.m.c.i.embedder.EclipseLogger - Using 'UTF-8' encoding to copy filtered resources.
2024-03-24 18:43:30,217 [Worker-28: Building] INFO  o.e.m.c.i.embedder.EclipseLogger - skip non existing resourceDirectory /home/korisnik/Desktop/Banka/Test - back/src/test/resources
2024-03-24 18:49:06,888 [Worker-25: Building] INFO  o.e.m.c.i.embedder.EclipseLogger - Using 'UTF-8' encoding to copy filtered resources.
2024-03-24 18:49:06,888 [Worker-25: Building] INFO  o.e.m.c.i.embedder.EclipseLogger - Copying 0 resource
2024-03-24 18:49:06,888 [Worker-25: Building] INFO  o.e.m.c.i.embedder.EclipseLogger - Copying 1 resource
2024-03-24 18:49:06,891 [Worker-25: Building] INFO  o.e.m.c.i.embedder.EclipseLogger - Using 'UTF-8' encoding to copy filtered resources.
2024-03-24 18:49:06,892 [Worker-25: Building] INFO  o.e.m.c.i.embedder.EclipseLogger - skip non existing resourceDirectory /home/korisnik/Desktop/Banka/Test - back/src/test/resources
2024-03-24 18:50:11,025 [Worker-25: Building] INFO  o.e.m.c.i.embedder.EclipseLogger - Using 'UTF-8' encoding to copy filtered resources.
2024-03-24 18:50:11,025 [Worker-25: Building] INFO  o.e.m.c.i.embedder.EclipseLogger - Copying 0 resource
2024-03-24 18:50:11,025 [Worker-25: Building] INFO  o.e.m.c.i.embedder.EclipseLogger - Copying 1 resource
2024-03-24 18:50:11,028 [Worker-25: Building] INFO  o.e.m.c.i.embedder.EclipseLogger - Using 'UTF-8' encoding to copy filtered resources.
2024-03-24 18:50:11,028 [Worker-25: Building] INFO  o.e.m.c.i.embedder.EclipseLogger - skip non existing resourceDirectory /home/korisnik/Desktop/Banka/Test - back/src/test/resources
2024-03-24 18:50:23,011 [Worker-29: Updating Maven Project] INFO  o.e.m.c.i.p.ProjectConfigurationManager - Update started
2024-03-24 18:50:23,544 [Worker-29: Updating Maven Project] INFO  o.e.m.c.i.l.LifecycleMappingFactory - Using org.eclipse.m2e.jdt.JarLifecycleMapping lifecycle mapping for MavenProject: com.ftninformatika.jwd.modul3:Cinema-M3-t5-spring-security-end:0.0.1-SNAPSHOT @ /home/korisnik/Desktop/Banka/Test - back/pom.xml.
2024-03-24 18:50:23,773 [Worker-29: Updating Maven Project] INFO  o.e.m.c.i.l.LifecycleMappingFactory - Using org.eclipse.m2e.jdt.JarLifecycleMapping lifecycle mapping for MavenProject: com.ftninformatika.jwd.modul3:Cinema-M3-t5-spring-security-end:0.0.1-SNAPSHOT @ /home/korisnik/Desktop/Sprint/Test - back/pom.xml.
2024-03-24 18:50:23,931 [Worker-29: Updating Maven Project] INFO  o.e.m.j.i.AbstractJavaProjectConfigurator - Adding source folder /Test - back/src/main/java
2024-03-24 18:50:23,932 [Worker-29: Updating Maven Project] INFO  o.e.m.j.i.AbstractJavaProjectConfigurator - Adding resource folder /Test - back/src/main/resources
2024-03-24 18:50:23,932 [Worker-29: Updating Maven Project] INFO  o.e.m.j.i.AbstractJavaProjectConfigurator - Adding resource folder /Test - back/src/main/resources
2024-03-24 18:50:23,932 [Worker-29: Updating Maven Project] INFO  o.e.m.j.i.AbstractJavaProjectConfigurator - Adding source folder /Test - back/src/test/java
2024-03-24 18:50:23,932 [Worker-29: Updating Maven Project] INFO  o.e.m.j.i.AbstractJavaProjectConfigurator - Adding resource folder /Test - back/src/test/resources
2024-03-24 18:50:24,089 [Worker-29: Updating Maven Project] INFO  o.e.m.c.i.p.ProjectConfigurationManager - Update completed for 1 poms: local refresh takes 0.00 sec, refresh facades takes 0.00 sec, update config takes 0.00 sec 
2024-03-24 18:50:24,415 [Worker-28: Building] INFO  o.e.m.c.i.embedder.EclipseLogger - Using 'UTF-8' encoding to copy filtered resources.
2024-03-24 18:50:24,416 [Worker-28: Building] INFO  o.e.m.c.i.embedder.EclipseLogger - Copying 1 resource
2024-03-24 18:50:24,431 [Worker-28: Building] INFO  o.e.m.c.i.embedder.EclipseLogger - Copying 4 resources
2024-03-24 18:50:24,443 [Worker-28: Building] INFO  o.e.m.c.i.embedder.EclipseLogger - Using 'UTF-8' encoding to copy filtered resources.
2024-03-24 18:50:24,443 [Worker-28: Building] INFO  o.e.m.c.i.embedder.EclipseLogger - skip non existing resourceDirectory /home/korisnik/Desktop/Banka/Test - back/src/test/resources
2024-03-24 18:50:41,499 [Worker-28: Building] INFO  o.e.m.c.i.embedder.EclipseLogger - Using 'UTF-8' encoding to copy filtered resources.
2024-03-24 18:50:41,500 [Worker-28: Building] INFO  o.e.m.c.i.embedder.EclipseLogger - Copying 0 resource
2024-03-24 18:50:41,500 [Worker-28: Building] INFO  o.e.m.c.i.embedder.EclipseLogger - Copying 1 resource
2024-03-24 18:50:41,504 [Worker-28: Building] INFO  o.e.m.c.i.embedder.EclipseLogger - Using 'UTF-8' encoding to copy filtered resources.
2024-03-24 18:50:41,504 [Worker-28: Building] INFO  o.e.m.c.i.embedder.EclipseLogger - skip non existing resourceDirectory /home/korisnik/Desktop/Banka/Test - back/src/test/resources
2024-03-24 18:52:47,161 [Worker-29: Building] INFO  o.e.m.c.i.embedder.EclipseLogger - Using 'UTF-8' encoding to copy filtered resources.
2024-03-24 18:52:47,162 [Worker-29: Building] INFO  o.e.m.c.i.embedder.EclipseLogger - Copying 0 resource
2024-03-24 18:52:47,162 [Worker-29: Building] INFO  o.e.m.c.i.embedder.EclipseLogger - Copying 1 resource
2024-03-24 18:52:47,165 [Worker-29: Building] INFO  o.e.m.c.i.embedder.EclipseLogger - Using 'UTF-8' encoding to copy filtered resources.
2024-03-24 18:52:47,165 [Worker-29: Building] INFO  o.e.m.c.i.embedder.EclipseLogger - skip non existing resourceDirectory /home/korisnik/Desktop/Banka/Test - back/src/test/resources
2024-03-24 18:53:24,296 [Worker-30: Building] INFO  o.e.m.c.i.embedder.EclipseLogger - Using 'UTF-8' encoding to copy filtered resources.
2024-03-24 18:53:24,296 [Worker-30: Building] INFO  o.e.m.c.i.embedder.EclipseLogger - Copying 0 resource
2024-03-24 18:53:24,297 [Worker-30: Building] INFO  o.e.m.c.i.embedder.EclipseLogger - Copying 1 resource
2024-03-24 18:53:24,303 [Worker-30: Building] INFO  o.e.m.c.i.embedder.EclipseLogger - Using 'UTF-8' encoding to copy filtered resources.
2024-03-24 18:53:24,304 [Worker-30: Building] INFO  o.e.m.c.i.embedder.EclipseLogger - skip non existing resourceDirectory /home/korisnik/Desktop/Banka/Test - back/src/test/resources
2024-03-24 18:53:58,417 [Worker-25: Building] INFO  o.e.m.c.i.embedder.EclipseLogger - Using 'UTF-8' encoding to copy filtered resources.
2024-03-24 18:53:58,417 [Worker-25: Building] INFO  o.e.m.c.i.embedder.EclipseLogger - Copying 0 resource
2024-03-24 18:53:58,417 [Worker-25: Building] INFO  o.e.m.c.i.embedder.EclipseLogger - Copying 1 resource
2024-03-24 18:53:58,420 [Worker-25: Building] INFO  o.e.m.c.i.embedder.EclipseLogger - Using 'UTF-8' encoding to copy filtered resources.
2024-03-24 18:53:58,420 [Worker-25: Building] INFO  o.e.m.c.i.embedder.EclipseLogger - skip non existing resourceDirectory /home/korisnik/Desktop/Banka/Test - back/src/test/resources
2024-03-24 18:54:10,134 [Worker-25: Building] INFO  o.e.m.c.i.embedder.EclipseLogger - Using 'UTF-8' encoding to copy filtered resources.
2024-03-24 18:54:10,134 [Worker-25: Building] INFO  o.e.m.c.i.embedder.EclipseLogger - Copying 0 resource
2024-03-24 18:54:10,134 [Worker-25: Building] INFO  o.e.m.c.i.embedder.EclipseLogger - Copying 1 resource
2024-03-24 18:54:10,138 [Worker-25: Building] INFO  o.e.m.c.i.embedder.EclipseLogger - Using 'UTF-8' encoding to copy filtered resources.
2024-03-24 18:54:10,138 [Worker-25: Building] INFO  o.e.m.c.i.embedder.EclipseLogger - skip non existing resourceDirectory /home/korisnik/Desktop/Banka/Test - back/src/test/resources
2024-03-24 18:55:16,084 [Worker-30: Building] INFO  o.e.m.c.i.embedder.EclipseLogger - Using 'UTF-8' encoding to copy filtered resources.
2024-03-24 18:55:16,084 [Worker-30: Building] INFO  o.e.m.c.i.embedder.EclipseLogger - Copying 1 resource
2024-03-24 18:55:16,086 [Worker-30: Building] INFO  o.e.m.c.i.embedder.EclipseLogger - Copying 4 resources
2024-03-24 18:55:16,090 [Worker-30: Building] INFO  o.e.m.c.i.embedder.EclipseLogger - Using 'UTF-8' encoding to copy filtered resources.
2024-03-24 18:55:16,090 [Worker-30: Building] INFO  o.e.m.c.i.embedder.EclipseLogger - skip non existing resourceDirectory /home/korisnik/Desktop/Banka/Test - back/src/test/resources
2024-03-24 18:55:51,947 [Worker-29: Building] INFO  o.e.m.c.i.embedder.EclipseLogger - Using 'UTF-8' encoding to copy filtered resources.
2024-03-24 18:55:51,948 [Worker-29: Building] INFO  o.e.m.c.i.embedder.EclipseLogger - Copying 1 resource
2024-03-24 18:55:51,949 [Worker-29: Building] INFO  o.e.m.c.i.embedder.EclipseLogger - Copying 4 resources
2024-03-24 18:55:51,954 [Worker-29: Building] INFO  o.e.m.c.i.embedder.EclipseLogger - Using 'UTF-8' encoding to copy filtered resources.
2024-03-24 18:55:51,955 [Worker-29: Building] INFO  o.e.m.c.i.embedder.EclipseLogger - skip non existing resourceDirectory /home/korisnik/Desktop/Banka/Test - back/src/test/resources
2024-03-24 18:55:58,484 [Worker-25: Building] INFO  o.e.m.c.i.embedder.EclipseLogger - Using 'UTF-8' encoding to copy filtered resources.
2024-03-24 18:55:58,484 [Worker-25: Building] INFO  o.e.m.c.i.embedder.EclipseLogger - Copying 1 resource
2024-03-24 18:55:58,485 [Worker-25: Building] INFO  o.e.m.c.i.embedder.EclipseLogger - Copying 4 resources
2024-03-24 18:55:58,488 [Worker-25: Building] INFO  o.e.m.c.i.embedder.EclipseLogger - Using 'UTF-8' encoding to copy filtered resources.
2024-03-24 18:55:58,489 [Worker-25: Building] INFO  o.e.m.c.i.embedder.EclipseLogger - skip non existing resourceDirectory /home/korisnik/Desktop/Banka/Test - back/src/test/resources
2024-03-24 18:56:33,855 [Worker-25: Building] INFO  o.e.m.c.i.embedder.EclipseLogger - Using 'UTF-8' encoding to copy filtered resources.
2024-03-24 18:56:33,855 [Worker-25: Building] INFO  o.e.m.c.i.embedder.EclipseLogger - Copying 1 resource
2024-03-24 18:56:33,857 [Worker-25: Building] INFO  o.e.m.c.i.embedder.EclipseLogger - Copying 4 resources
2024-03-24 18:56:33,861 [Worker-25: Building] INFO  o.e.m.c.i.embedder.EclipseLogger - Using 'UTF-8' encoding to copy filtered resources.
2024-03-24 18:56:33,862 [Worker-25: Building] INFO  o.e.m.c.i.embedder.EclipseLogger - skip non existing resourceDirectory /home/korisnik/Desktop/Banka/Test - back/src/test/resources
2024-03-24 18:56:45,272 [Worker-31: Building] INFO  o.e.m.c.i.embedder.EclipseLogger - Using 'UTF-8' encoding to copy filtered resources.
2024-03-24 18:56:45,273 [Worker-31: Building] INFO  o.e.m.c.i.embedder.EclipseLogger - Copying 1 resource
2024-03-24 18:56:45,275 [Worker-31: Building] INFO  o.e.m.c.i.embedder.EclipseLogger - Copying 4 resources
2024-03-24 18:56:45,280 [Worker-31: Building] INFO  o.e.m.c.i.embedder.EclipseLogger - Using 'UTF-8' encoding to copy filtered resources.
2024-03-24 18:56:45,280 [Worker-31: Building] INFO  o.e.m.c.i.embedder.EclipseLogger - skip non existing resourceDirectory /home/korisnik/Desktop/Banka/Test - back/src/test/resources
2024-03-24 18:56:46,344 [Worker-30: Building] INFO  o.e.m.c.i.embedder.EclipseLogger - Using 'UTF-8' encoding to copy filtered resources.
2024-03-24 18:56:46,344 [Worker-30: Building] INFO  o.e.m.c.i.embedder.EclipseLogger - Copying 1 resource
2024-03-24 18:56:46,346 [Worker-30: Building] INFO  o.e.m.c.i.embedder.EclipseLogger - Copying 4 resources
2024-03-24 18:56:46,351 [Worker-30: Building] INFO  o.e.m.c.i.embedder.EclipseLogger - Using 'UTF-8' encoding to copy filtered resources.
2024-03-24 18:56:46,351 [Worker-30: Building] INFO  o.e.m.c.i.embedder.EclipseLogger - skip non existing resourceDirectory /home/korisnik/Desktop/Banka/Test - back/src/test/resources
2024-03-24 18:57:13,931 [Worker-29: Building] INFO  o.e.m.c.i.embedder.EclipseLogger - Using 'UTF-8' encoding to copy filtered resources.
2024-03-24 18:57:13,933 [Worker-29: Building] INFO  o.e.m.c.i.embedder.EclipseLogger - Copying 1 resource
2024-03-24 18:57:13,934 [Worker-29: Building] INFO  o.e.m.c.i.embedder.EclipseLogger - Copying 4 resources
2024-03-24 18:57:13,945 [Worker-29: Building] INFO  o.e.m.c.i.embedder.EclipseLogger - Using 'UTF-8' encoding to copy filtered resources.
2024-03-24 18:57:13,945 [Worker-29: Building] INFO  o.e.m.c.i.embedder.EclipseLogger - skip non existing resourceDirectory /home/korisnik/Desktop/Banka/Test - back/src/test/resources
2024-03-24 18:58:08,147 [Worker-25: Building] INFO  o.e.m.c.i.embedder.EclipseLogger - Using 'UTF-8' encoding to copy filtered resources.
2024-03-24 18:58:08,148 [Worker-25: Building] INFO  o.e.m.c.i.embedder.EclipseLogger - Copying 1 resource
2024-03-24 18:58:08,149 [Worker-25: Building] INFO  o.e.m.c.i.embedder.EclipseLogger - Copying 4 resources
2024-03-24 18:58:08,153 [Worker-25: Building] INFO  o.e.m.c.i.embedder.EclipseLogger - Using 'UTF-8' encoding to copy filtered resources.
2024-03-24 18:58:08,153 [Worker-25: Building] INFO  o.e.m.c.i.embedder.EclipseLogger - skip non existing resourceDirectory /home/korisnik/Desktop/Banka/Test - back/src/test/resources
2024-03-24 18:58:11,802 [Worker-29: Building] INFO  o.e.m.c.i.embedder.EclipseLogger - Using 'UTF-8' encoding to copy filtered resources.
2024-03-24 18:58:11,802 [Worker-29: Building] INFO  o.e.m.c.i.embedder.EclipseLogger - Copying 1 resource
2024-03-24 18:58:11,803 [Worker-29: Building] INFO  o.e.m.c.i.embedder.EclipseLogger - Copying 4 resources
2024-03-24 18:58:11,807 [Worker-29: Building] INFO  o.e.m.c.i.embedder.EclipseLogger - Using 'UTF-8' encoding to copy filtered resources.
2024-03-24 18:58:11,807 [Worker-29: Building] INFO  o.e.m.c.i.embedder.EclipseLogger - skip non existing resourceDirectory /home/korisnik/Desktop/Banka/Test - back/src/test/resources
2024-03-24 18:58:34,483 [Worker-28: Building] INFO  o.e.m.c.i.embedder.EclipseLogger - Using 'UTF-8' encoding to copy filtered resources.
2024-03-24 18:58:34,484 [Worker-28: Building] INFO  o.e.m.c.i.embedder.EclipseLogger - Copying 1 resource
2024-03-24 18:58:34,485 [Worker-28: Building] INFO  o.e.m.c.i.embedder.EclipseLogger - Copying 4 resources
2024-03-24 18:58:34,490 [Worker-28: Building] INFO  o.e.m.c.i.embedder.EclipseLogger - Using 'UTF-8' encoding to copy filtered resources.
2024-03-24 18:58:34,491 [Worker-28: Building] INFO  o.e.m.c.i.embedder.EclipseLogger - skip non existing resourceDirectory /home/korisnik/Desktop/Banka/Test - back/src/test/resources
2024-03-24 18:58:39,013 [Worker-28: Building] INFO  o.e.m.c.i.embedder.EclipseLogger - Using 'UTF-8' encoding to copy filtered resources.
2024-03-24 18:58:39,013 [Worker-28: Building] INFO  o.e.m.c.i.embedder.EclipseLogger - Copying 1 resource
2024-03-24 18:58:39,014 [Worker-28: Building] INFO  o.e.m.c.i.embedder.EclipseLogger - Copying 4 resources
2024-03-24 18:58:39,017 [Worker-28: Building] INFO  o.e.m.c.i.embedder.EclipseLogger - Using 'UTF-8' encoding to copy filtered resources.
2024-03-24 18:58:39,018 [Worker-28: Building] INFO  o.e.m.c.i.embedder.EclipseLogger - skip non existing resourceDirectory /home/korisnik/Desktop/Banka/Test - back/src/test/resources
2024-03-24 19:00:38,667 [Worker-30: Building] INFO  o.e.m.c.i.embedder.EclipseLogger - Using 'UTF-8' encoding to copy filtered resources.
2024-03-24 19:00:38,668 [Worker-30: Building] INFO  o.e.m.c.i.embedder.EclipseLogger - Copying 1 resource
2024-03-24 19:00:38,669 [Worker-30: Building] INFO  o.e.m.c.i.embedder.EclipseLogger - Copying 4 resources
2024-03-24 19:00:38,672 [Worker-30: Building] INFO  o.e.m.c.i.embedder.EclipseLogger - Using 'UTF-8' encoding to copy filtered resources.
2024-03-24 19:00:38,673 [Worker-30: Building] INFO  o.e.m.c.i.embedder.EclipseLogger - skip non existing resourceDirectory /home/korisnik/Desktop/Banka/Test - back/src/test/resources
2024-03-24 19:01:15,769 [Worker-28: Building] INFO  o.e.m.c.i.embedder.EclipseLogger - Using 'UTF-8' encoding to copy filtered resources.
2024-03-24 19:01:15,770 [Worker-28: Building] INFO  o.e.m.c.i.embedder.EclipseLogger - Copying 1 resource
2024-03-24 19:01:15,771 [Worker-28: Building] INFO  o.e.m.c.i.embedder.EclipseLogger - Copying 4 resources
2024-03-24 19:01:15,775 [Worker-28: Building] INFO  o.e.m.c.i.embedder.EclipseLogger - Using 'UTF-8' encoding to copy filtered resources.
2024-03-24 19:01:15,775 [Worker-28: Building] INFO  o.e.m.c.i.embedder.EclipseLogger - skip non existing resourceDirectory /home/korisnik/Desktop/Banka/Test - back/src/test/resources
2024-03-24 19:01:29,453 [Worker-25: Building] INFO  o.e.m.c.i.embedder.EclipseLogger - Using 'UTF-8' encoding to copy filtered resources.
2024-03-24 19:01:29,454 [Worker-25: Building] INFO  o.e.m.c.i.embedder.EclipseLogger - Copying 1 resource
2024-03-24 19:01:29,455 [Worker-25: Building] INFO  o.e.m.c.i.embedder.EclipseLogger - Copying 4 resources
2024-03-24 19:01:29,459 [Worker-25: Building] INFO  o.e.m.c.i.embedder.EclipseLogger - Using 'UTF-8' encoding to copy filtered resources.
2024-03-24 19:01:29,459 [Worker-25: Building] INFO  o.e.m.c.i.embedder.EclipseLogger - skip non existing resourceDirectory /home/korisnik/Desktop/Banka/Test - back/src/test/resources
2024-03-24 19:01:37,952 [Worker-28: Building] INFO  o.e.m.c.i.embedder.EclipseLogger - Using 'UTF-8' encoding to copy filtered resources.
2024-03-24 19:01:37,953 [Worker-28: Building] INFO  o.e.m.c.i.embedder.EclipseLogger - Copying 1 resource
2024-03-24 19:01:37,954 [Worker-28: Building] INFO  o.e.m.c.i.embedder.EclipseLogger - Copying 4 resources
2024-03-24 19:01:37,957 [Worker-28: Building] INFO  o.e.m.c.i.embedder.EclipseLogger - Using 'UTF-8' encoding to copy filtered resources.
2024-03-24 19:01:37,957 [Worker-28: Building] INFO  o.e.m.c.i.embedder.EclipseLogger - skip non existing resourceDirectory /home/korisnik/Desktop/Banka/Test - back/src/test/resources
2024-03-24 19:02:03,277 [Worker-28: Building] INFO  o.e.m.c.i.embedder.EclipseLogger - Using 'UTF-8' encoding to copy filtered resources.
2024-03-24 19:02:03,277 [Worker-28: Building] INFO  o.e.m.c.i.embedder.EclipseLogger - Copying 1 resource
2024-03-24 19:02:03,279 [Worker-28: Building] INFO  o.e.m.c.i.embedder.EclipseLogger - Copying 4 resources
2024-03-24 19:02:03,283 [Worker-28: Building] INFO  o.e.m.c.i.embedder.EclipseLogger - Using 'UTF-8' encoding to copy filtered resources.
2024-03-24 19:02:03,283 [Worker-28: Building] INFO  o.e.m.c.i.embedder.EclipseLogger - skip non existing resourceDirectory /home/korisnik/Desktop/Banka/Test - back/src/test/resources
2024-03-24 19:02:30,074 [Worker-31: Building] INFO  o.e.m.c.i.embedder.EclipseLogger - Using 'UTF-8' encoding to copy filtered resources.
2024-03-24 19:02:30,074 [Worker-31: Building] INFO  o.e.m.c.i.embedder.EclipseLogger - Copying 1 resource
2024-03-24 19:02:30,075 [Worker-31: Building] INFO  o.e.m.c.i.embedder.EclipseLogger - Copying 4 resources
2024-03-24 19:02:30,079 [Worker-31: Building] INFO  o.e.m.c.i.embedder.EclipseLogger - Using 'UTF-8' encoding to copy filtered resources.
2024-03-24 19:02:30,079 [Worker-31: Building] INFO  o.e.m.c.i.embedder.EclipseLogger - skip non existing resourceDirectory /home/korisnik/Desktop/Banka/Test - back/src/test/resources
2024-03-24 19:02:49,706 [Worker-25: Building] INFO  o.e.m.c.i.embedder.EclipseLogger - Using 'UTF-8' encoding to copy filtered resources.
2024-03-24 19:02:49,706 [Worker-25: Building] INFO  o.e.m.c.i.embedder.EclipseLogger - Copying 1 resource
2024-03-24 19:02:49,707 [Worker-25: Building] INFO  o.e.m.c.i.embedder.EclipseLogger - Copying 4 resources
2024-03-24 19:02:49,712 [Worker-25: Building] INFO  o.e.m.c.i.embedder.EclipseLogger - Using 'UTF-8' encoding to copy filtered resources.
2024-03-24 19:02:49,712 [Worker-25: Building] INFO  o.e.m.c.i.embedder.EclipseLogger - skip non existing resourceDirectory /home/korisnik/Desktop/Banka/Test - back/src/test/resources
2024-03-24 19:05:56,884 [Worker-31: Building] INFO  o.e.m.c.i.embedder.EclipseLogger - Using 'UTF-8' encoding to copy filtered resources.
2024-03-24 19:05:56,888 [Worker-31: Building] INFO  o.e.m.c.i.embedder.EclipseLogger - Copying 1 resource
2024-03-24 19:05:56,889 [Worker-31: Building] INFO  o.e.m.c.i.embedder.EclipseLogger - Copying 4 resources
2024-03-24 19:05:56,892 [Worker-31: Building] INFO  o.e.m.c.i.embedder.EclipseLogger - Using 'UTF-8' encoding to copy filtered resources.
2024-03-24 19:05:56,893 [Worker-31: Building] INFO  o.e.m.c.i.embedder.EclipseLogger - skip non existing resourceDirectory /home/korisnik/Desktop/Banka/Test - back/src/test/resources
2024-03-24 19:06:20,629 [Worker-32: Building] INFO  o.e.m.c.i.embedder.EclipseLogger - Using 'UTF-8' encoding to copy filtered resources.
2024-03-24 19:06:20,630 [Worker-32: Building] INFO  o.e.m.c.i.embedder.EclipseLogger - Copying 1 resource
2024-03-24 19:06:20,631 [Worker-32: Building] INFO  o.e.m.c.i.embedder.EclipseLogger - Copying 4 resources
2024-03-24 19:06:20,635 [Worker-32: Building] INFO  o.e.m.c.i.embedder.EclipseLogger - Using 'UTF-8' encoding to copy filtered resources.
2024-03-24 19:06:20,635 [Worker-32: Building] INFO  o.e.m.c.i.embedder.EclipseLogger - skip non existing resourceDirectory /home/korisnik/Desktop/Banka/Test - back/src/test/resources
2024-03-24 19:06:38,841 [Worker-30: Building] INFO  o.e.m.c.i.embedder.EclipseLogger - Using 'UTF-8' encoding to copy filtered resources.
2024-03-24 19:06:38,841 [Worker-30: Building] INFO  o.e.m.c.i.embedder.EclipseLogger - Copying 1 resource
2024-03-24 19:06:38,842 [Worker-30: Building] INFO  o.e.m.c.i.embedder.EclipseLogger - Copying 4 resources
2024-03-24 19:06:38,845 [Worker-30: Building] INFO  o.e.m.c.i.embedder.EclipseLogger - Using 'UTF-8' encoding to copy filtered resources.
2024-03-24 19:06:38,846 [Worker-30: Building] INFO  o.e.m.c.i.embedder.EclipseLogger - skip non existing resourceDirectory /home/korisnik/Desktop/Banka/Test - back/src/test/resources
2024-03-24 19:07:25,468 [Worker-30: Building] INFO  o.e.m.c.i.embedder.EclipseLogger - Using 'UTF-8' encoding to copy filtered resources.
2024-03-24 19:07:25,468 [Worker-30: Building] INFO  o.e.m.c.i.embedder.EclipseLogger - Copying 1 resource
2024-03-24 19:07:25,477 [Worker-30: Building] INFO  o.e.m.c.i.embedder.EclipseLogger - Copying 4 resources
2024-03-24 19:07:25,481 [Worker-30: Building] INFO  o.e.m.c.i.embedder.EclipseLogger - Using 'UTF-8' encoding to copy filtered resources.
2024-03-24 19:07:25,481 [Worker-30: Building] INFO  o.e.m.c.i.embedder.EclipseLogger - skip non existing resourceDirectory /home/korisnik/Desktop/Banka/Test - back/src/test/resources
2024-03-24 19:07:34,260 [Worker-25: Building] INFO  o.e.m.c.i.embedder.EclipseLogger - Using 'UTF-8' encoding to copy filtered resources.
2024-03-24 19:07:34,260 [Worker-25: Building] INFO  o.e.m.c.i.embedder.EclipseLogger - Copying 1 resource
2024-03-24 19:07:34,261 [Worker-25: Building] INFO  o.e.m.c.i.embedder.EclipseLogger - Copying 4 resources
2024-03-24 19:07:34,264 [Worker-25: Building] INFO  o.e.m.c.i.embedder.EclipseLogger - Using 'UTF-8' encoding to copy filtered resources.
2024-03-24 19:07:34,264 [Worker-25: Building] INFO  o.e.m.c.i.embedder.EclipseLogger - skip non existing resourceDirectory /home/korisnik/Desktop/Banka/Test - back/src/test/resources
2024-03-24 19:07:42,326 [Worker-28: Building] INFO  o.e.m.c.i.embedder.EclipseLogger - Using 'UTF-8' encoding to copy filtered resources.
2024-03-24 19:07:42,326 [Worker-28: Building] INFO  o.e.m.c.i.embedder.EclipseLogger - Copying 1 resource
2024-03-24 19:07:42,327 [Worker-28: Building] INFO  o.e.m.c.i.embedder.EclipseLogger - Copying 4 resources
2024-03-24 19:07:42,331 [Worker-28: Building] INFO  o.e.m.c.i.embedder.EclipseLogger - Using 'UTF-8' encoding to copy filtered resources.
2024-03-24 19:07:42,331 [Worker-28: Building] INFO  o.e.m.c.i.embedder.EclipseLogger - skip non existing resourceDirectory /home/korisnik/Desktop/Banka/Test - back/src/test/resources
2024-03-24 19:09:29,209 [Worker-29: Building] INFO  o.e.m.c.i.embedder.EclipseLogger - Using 'UTF-8' encoding to copy filtered resources.
2024-03-24 19:09:29,210 [Worker-29: Building] INFO  o.e.m.c.i.embedder.EclipseLogger - Copying 1 resource
2024-03-24 19:09:29,211 [Worker-29: Building] INFO  o.e.m.c.i.embedder.EclipseLogger - Copying 4 resources
2024-03-24 19:09:29,216 [Worker-29: Building] INFO  o.e.m.c.i.embedder.EclipseLogger - Using 'UTF-8' encoding to copy filtered resources.
2024-03-24 19:09:29,216 [Worker-29: Building] INFO  o.e.m.c.i.embedder.EclipseLogger - skip non existing resourceDirectory /home/korisnik/Desktop/Banka/Test - back/src/test/resources
2024-03-24 19:09:33,895 [Worker-31: Building] INFO  o.e.m.c.i.embedder.EclipseLogger - Using 'UTF-8' encoding to copy filtered resources.
2024-03-24 19:09:33,895 [Worker-31: Building] INFO  o.e.m.c.i.embedder.EclipseLogger - Copying 1 resource
2024-03-24 19:09:33,897 [Worker-31: Building] INFO  o.e.m.c.i.embedder.EclipseLogger - Copying 4 resources
2024-03-24 19:09:33,900 [Worker-31: Building] INFO  o.e.m.c.i.embedder.EclipseLogger - Using 'UTF-8' encoding to copy filtered resources.
2024-03-24 19:09:33,900 [Worker-31: Building] INFO  o.e.m.c.i.embedder.EclipseLogger - skip non existing resourceDirectory /home/korisnik/Desktop/Banka/Test - back/src/test/resources
2024-03-24 19:10:45,608 [Worker-30: Building] INFO  o.e.m.c.i.embedder.EclipseLogger - Using 'UTF-8' encoding to copy filtered resources.
2024-03-24 19:10:45,608 [Worker-30: Building] INFO  o.e.m.c.i.embedder.EclipseLogger - Copying 1 resource
2024-03-24 19:10:45,610 [Worker-30: Building] INFO  o.e.m.c.i.embedder.EclipseLogger - Copying 4 resources
2024-03-24 19:10:45,613 [Worker-30: Building] INFO  o.e.m.c.i.embedder.EclipseLogger - Using 'UTF-8' encoding to copy filtered resources.
2024-03-24 19:10:45,613 [Worker-30: Building] INFO  o.e.m.c.i.embedder.EclipseLogger - skip non existing resourceDirectory /home/korisnik/Desktop/Banka/Test - back/src/test/resources
2024-03-24 19:12:42,966 [Worker-28: Building] INFO  o.e.m.c.i.embedder.EclipseLogger - Using 'UTF-8' encoding to copy filtered resources.
2024-03-24 19:12:42,966 [Worker-28: Building] INFO  o.e.m.c.i.embedder.EclipseLogger - Copying 1 resource
2024-03-24 19:12:42,967 [Worker-28: Building] INFO  o.e.m.c.i.embedder.EclipseLogger - Copying 4 resources
2024-03-24 19:12:42,970 [Worker-28: Building] INFO  o.e.m.c.i.embedder.EclipseLogger - Using 'UTF-8' encoding to copy filtered resources.
2024-03-24 19:12:42,970 [Worker-28: Building] INFO  o.e.m.c.i.embedder.EclipseLogger - skip non existing resourceDirectory /home/korisnik/Desktop/Banka/Test - back/src/test/resources
2024-03-24 19:12:46,710 [Worker-33: Building] INFO  o.e.m.c.i.embedder.EclipseLogger - Using 'UTF-8' encoding to copy filtered resources.
2024-03-24 19:12:46,711 [Worker-33: Building] INFO  o.e.m.c.i.embedder.EclipseLogger - Copying 1 resource
2024-03-24 19:12:46,712 [Worker-33: Building] INFO  o.e.m.c.i.embedder.EclipseLogger - Copying 4 resources
2024-03-24 19:12:46,715 [Worker-33: Building] INFO  o.e.m.c.i.embedder.EclipseLogger - Using 'UTF-8' encoding to copy filtered resources.
2024-03-24 19:12:46,715 [Worker-33: Building] INFO  o.e.m.c.i.embedder.EclipseLogger - skip non existing resourceDirectory /home/korisnik/Desktop/Banka/Test - back/src/test/resources
2024-03-24 19:13:51,239 [Worker-30: Building] INFO  o.e.m.c.i.embedder.EclipseLogger - Using 'UTF-8' encoding to copy filtered resources.
2024-03-24 19:13:51,241 [Worker-30: Building] INFO  o.e.m.c.i.embedder.EclipseLogger - Copying 1 resource
2024-03-24 19:13:51,243 [Worker-30: Building] INFO  o.e.m.c.i.embedder.EclipseLogger - Copying 4 resources
2024-03-24 19:13:51,247 [Worker-30: Building] INFO  o.e.m.c.i.embedder.EclipseLogger - Using 'UTF-8' encoding to copy filtered resources.
2024-03-24 19:13:51,247 [Worker-30: Building] INFO  o.e.m.c.i.embedder.EclipseLogger - skip non existing resourceDirectory /home/korisnik/Desktop/Banka/Test - back/src/test/resources
2024-03-24 19:14:20,303 [Worker-34: Building] INFO  o.e.m.c.i.embedder.EclipseLogger - Using 'UTF-8' encoding to copy filtered resources.
2024-03-24 19:14:20,304 [Worker-34: Building] INFO  o.e.m.c.i.embedder.EclipseLogger - Copying 1 resource
2024-03-24 19:14:20,305 [Worker-34: Building] INFO  o.e.m.c.i.embedder.EclipseLogger - Copying 4 resources
2024-03-24 19:14:20,309 [Worker-34: Building] INFO  o.e.m.c.i.embedder.EclipseLogger - Using 'UTF-8' encoding to copy filtered resources.
2024-03-24 19:14:20,309 [Worker-34: Building] INFO  o.e.m.c.i.embedder.EclipseLogger - skip non existing resourceDirectory /home/korisnik/Desktop/Banka/Test - back/src/test/resources
2024-03-24 19:14:27,969 [Worker-32: Building] INFO  o.e.m.c.i.embedder.EclipseLogger - Using 'UTF-8' encoding to copy filtered resources.
2024-03-24 19:14:27,970 [Worker-32: Building] INFO  o.e.m.c.i.embedder.EclipseLogger - Copying 1 resource
2024-03-24 19:14:27,972 [Worker-32: Building] INFO  o.e.m.c.i.embedder.EclipseLogger - Copying 4 resources
2024-03-24 19:14:27,977 [Worker-32: Building] INFO  o.e.m.c.i.embedder.EclipseLogger - Using 'UTF-8' encoding to copy filtered resources.
2024-03-24 19:14:27,978 [Worker-32: Building] INFO  o.e.m.c.i.embedder.EclipseLogger - skip non existing resourceDirectory /home/korisnik/Desktop/Banka/Test - back/src/test/resources
2024-03-24 19:14:34,949 [Worker-28: Building] INFO  o.e.m.c.i.embedder.EclipseLogger - Using 'UTF-8' encoding to copy filtered resources.
2024-03-24 19:14:34,949 [Worker-28: Building] INFO  o.e.m.c.i.embedder.EclipseLogger - Copying 1 resource
2024-03-24 19:14:34,950 [Worker-28: Building] INFO  o.e.m.c.i.embedder.EclipseLogger - Copying 4 resources
2024-03-24 19:14:34,953 [Worker-28: Building] INFO  o.e.m.c.i.embedder.EclipseLogger - Using 'UTF-8' encoding to copy filtered resources.
2024-03-24 19:14:34,954 [Worker-28: Building] INFO  o.e.m.c.i.embedder.EclipseLogger - skip non existing resourceDirectory /home/korisnik/Desktop/Banka/Test - back/src/test/resources
2024-03-24 19:17:09,659 [Worker-32: Building] INFO  o.e.m.c.i.embedder.EclipseLogger - Using 'UTF-8' encoding to copy filtered resources.
2024-03-24 19:17:09,659 [Worker-32: Building] INFO  o.e.m.c.i.embedder.EclipseLogger - Copying 1 resource
2024-03-24 19:17:09,660 [Worker-32: Building] INFO  o.e.m.c.i.embedder.EclipseLogger - Copying 4 resources
2024-03-24 19:17:09,663 [Worker-32: Building] INFO  o.e.m.c.i.embedder.EclipseLogger - Using 'UTF-8' encoding to copy filtered resources.
2024-03-24 19:17:09,664 [Worker-32: Building] INFO  o.e.m.c.i.embedder.EclipseLogger - skip non existing resourceDirectory /home/korisnik/Desktop/Banka/Test - back/src/test/resources
2024-03-24 19:18:22,445 [Worker-25: Building] INFO  o.e.m.c.i.embedder.EclipseLogger - Using 'UTF-8' encoding to copy filtered resources.
2024-03-24 19:18:22,446 [Worker-25: Building] INFO  o.e.m.c.i.embedder.EclipseLogger - Copying 1 resource
2024-03-24 19:18:22,447 [Worker-25: Building] INFO  o.e.m.c.i.embedder.EclipseLogger - Copying 4 resources
2024-03-24 19:18:22,451 [Worker-25: Building] INFO  o.e.m.c.i.embedder.EclipseLogger - Using 'UTF-8' encoding to copy filtered resources.
2024-03-24 19:18:22,451 [Worker-25: Building] INFO  o.e.m.c.i.embedder.EclipseLogger - skip non existing resourceDirectory /home/korisnik/Desktop/Banka/Test - back/src/test/resources
2024-03-24 19:19:09,493 [Worker-32: Building] INFO  o.e.m.c.i.embedder.EclipseLogger - Using 'UTF-8' encoding to copy filtered resources.
2024-03-24 19:19:09,494 [Worker-32: Building] INFO  o.e.m.c.i.embedder.EclipseLogger - Copying 1 resource
2024-03-24 19:19:09,495 [Worker-32: Building] INFO  o.e.m.c.i.embedder.EclipseLogger - Copying 4 resources
2024-03-24 19:19:09,500 [Worker-32: Building] INFO  o.e.m.c.i.embedder.EclipseLogger - Using 'UTF-8' encoding to copy filtered resources.
2024-03-24 19:19:09,500 [Worker-32: Building] INFO  o.e.m.c.i.embedder.EclipseLogger - skip non existing resourceDirectory /home/korisnik/Desktop/Banka/Test - back/src/test/resources
2024-03-24 19:21:15,501 [Worker-37: Building] INFO  o.e.m.c.i.embedder.EclipseLogger - Using 'UTF-8' encoding to copy filtered resources.
2024-03-24 19:21:15,502 [Worker-37: Building] INFO  o.e.m.c.i.embedder.EclipseLogger - Copying 1 resource
2024-03-24 19:21:15,503 [Worker-37: Building] INFO  o.e.m.c.i.embedder.EclipseLogger - Copying 4 resources
2024-03-24 19:21:15,506 [Worker-37: Building] INFO  o.e.m.c.i.embedder.EclipseLogger - Using 'UTF-8' encoding to copy filtered resources.
2024-03-24 19:21:15,507 [Worker-37: Building] INFO  o.e.m.c.i.embedder.EclipseLogger - skip non existing resourceDirectory /home/korisnik/Desktop/Banka/Test - back/src/test/resources
2024-03-24 19:21:44,278 [Worker-32: Building] INFO  o.e.m.c.i.embedder.EclipseLogger - Using 'UTF-8' encoding to copy filtered resources.
2024-03-24 19:21:44,279 [Worker-32: Building] INFO  o.e.m.c.i.embedder.EclipseLogger - Copying 1 resource
2024-03-24 19:21:44,280 [Worker-32: Building] INFO  o.e.m.c.i.embedder.EclipseLogger - Copying 4 resources
2024-03-24 19:21:44,283 [Worker-32: Building] INFO  o.e.m.c.i.embedder.EclipseLogger - Using 'UTF-8' encoding to copy filtered resources.
2024-03-24 19:21:44,284 [Worker-32: Building] INFO  o.e.m.c.i.embedder.EclipseLogger - skip non existing resourceDirectory /home/korisnik/Desktop/Banka/Test - back/src/test/resources
2024-03-24 19:24:17,521 [Worker-37: Building] INFO  o.e.m.c.i.embedder.EclipseLogger - Using 'UTF-8' encoding to copy filtered resources.
2024-03-24 19:24:17,521 [Worker-37: Building] INFO  o.e.m.c.i.embedder.EclipseLogger - Copying 1 resource
2024-03-24 19:24:17,522 [Worker-37: Building] INFO  o.e.m.c.i.embedder.EclipseLogger - Copying 4 resources
2024-03-24 19:24:17,526 [Worker-37: Building] INFO  o.e.m.c.i.embedder.EclipseLogger - Using 'UTF-8' encoding to copy filtered resources.
2024-03-24 19:24:17,526 [Worker-37: Building] INFO  o.e.m.c.i.embedder.EclipseLogger - skip non existing resourceDirectory /home/korisnik/Desktop/Banka/Test - back/src/test/resources
2024-03-24 19:24:33,160 [Worker-37: Building] INFO  o.e.m.c.i.embedder.EclipseLogger - Using 'UTF-8' encoding to copy filtered resources.
2024-03-24 19:24:33,160 [Worker-37: Building] INFO  o.e.m.c.i.embedder.EclipseLogger - Copying 1 resource
2024-03-24 19:24:33,161 [Worker-37: Building] INFO  o.e.m.c.i.embedder.EclipseLogger - Copying 4 resources
2024-03-24 19:24:33,164 [Worker-37: Building] INFO  o.e.m.c.i.embedder.EclipseLogger - Using 'UTF-8' encoding to copy filtered resources.
2024-03-24 19:24:33,164 [Worker-37: Building] INFO  o.e.m.c.i.embedder.EclipseLogger - skip non existing resourceDirectory /home/korisnik/Desktop/Banka/Test - back/src/test/resources
2024-03-24 19:27:30,708 [Worker-35: Building] INFO  o.e.m.c.i.embedder.EclipseLogger - Using 'UTF-8' encoding to copy filtered resources.
2024-03-24 19:27:30,709 [Worker-35: Building] INFO  o.e.m.c.i.embedder.EclipseLogger - Copying 1 resource
2024-03-24 19:27:30,710 [Worker-35: Building] INFO  o.e.m.c.i.embedder.EclipseLogger - Copying 4 resources
2024-03-24 19:27:30,713 [Worker-35: Building] INFO  o.e.m.c.i.embedder.EclipseLogger - Using 'UTF-8' encoding to copy filtered resources.
2024-03-24 19:27:30,714 [Worker-35: Building] INFO  o.e.m.c.i.embedder.EclipseLogger - skip non existing resourceDirectory /home/korisnik/Desktop/Banka/Test - back/src/test/resources
2024-03-24 19:28:09,850 [Worker-36: Building] INFO  o.e.m.c.i.embedder.EclipseLogger - Using 'UTF-8' encoding to copy filtered resources.
2024-03-24 19:28:09,850 [Worker-36: Building] INFO  o.e.m.c.i.embedder.EclipseLogger - Copying 1 resource
2024-03-24 19:28:09,851 [Worker-36: Building] INFO  o.e.m.c.i.embedder.EclipseLogger - Copying 4 resources
2024-03-24 19:28:09,854 [Worker-36: Building] INFO  o.e.m.c.i.embedder.EclipseLogger - Using 'UTF-8' encoding to copy filtered resources.
2024-03-24 19:28:09,855 [Worker-36: Building] INFO  o.e.m.c.i.embedder.EclipseLogger - skip non existing resourceDirectory /home/korisnik/Desktop/Banka/Test - back/src/test/resources
2024-03-24 19:28:23,495 [Worker-25: Building] INFO  o.e.m.c.i.embedder.EclipseLogger - Using 'UTF-8' encoding to copy filtered resources.
2024-03-24 19:28:23,496 [Worker-25: Building] INFO  o.e.m.c.i.embedder.EclipseLogger - Copying 1 resource
2024-03-24 19:28:23,497 [Worker-25: Building] INFO  o.e.m.c.i.embedder.EclipseLogger - Copying 4 resources
2024-03-24 19:28:23,501 [Worker-25: Building] INFO  o.e.m.c.i.embedder.EclipseLogger - Using 'UTF-8' encoding to copy filtered resources.
2024-03-24 19:28:23,502 [Worker-25: Building] INFO  o.e.m.c.i.embedder.EclipseLogger - skip non existing resourceDirectory /home/korisnik/Desktop/Banka/Test - back/src/test/resources
2024-03-24 19:32:35,157 [Worker-35: Building] INFO  o.e.m.c.i.embedder.EclipseLogger - Using 'UTF-8' encoding to copy filtered resources.
2024-03-24 19:32:35,158 [Worker-35: Building] INFO  o.e.m.c.i.embedder.EclipseLogger - Copying 1 resource
2024-03-24 19:32:35,162 [Worker-35: Building] INFO  o.e.m.c.i.embedder.EclipseLogger - Copying 4 resources
2024-03-24 19:32:35,168 [Worker-35: Building] INFO  o.e.m.c.i.embedder.EclipseLogger - Using 'UTF-8' encoding to copy filtered resources.
2024-03-24 19:32:35,173 [Worker-35: Building] INFO  o.e.m.c.i.embedder.EclipseLogger - skip non existing resourceDirectory /home/korisnik/Desktop/Banka/Test - back/src/test/resources
2024-03-24 19:33:01,299 [Worker-35: Building] INFO  o.e.m.c.i.embedder.EclipseLogger - Using 'UTF-8' encoding to copy filtered resources.
2024-03-24 19:33:01,300 [Worker-35: Building] INFO  o.e.m.c.i.embedder.EclipseLogger - Copying 1 resource
2024-03-24 19:33:01,301 [Worker-35: Building] INFO  o.e.m.c.i.embedder.EclipseLogger - Copying 4 resources
2024-03-24 19:33:01,306 [Worker-35: Building] INFO  o.e.m.c.i.embedder.EclipseLogger - Using 'UTF-8' encoding to copy filtered resources.
2024-03-24 19:33:01,306 [Worker-35: Building] INFO  o.e.m.c.i.embedder.EclipseLogger - skip non existing resourceDirectory /home/korisnik/Desktop/Banka/Test - back/src/test/resources
2024-03-24 19:35:26,257 [Worker-37: Building] INFO  o.e.m.c.i.embedder.EclipseLogger - Using 'UTF-8' encoding to copy filtered resources.
2024-03-24 19:35:26,257 [Worker-37: Building] INFO  o.e.m.c.i.embedder.EclipseLogger - Copying 1 resource
2024-03-24 19:35:26,258 [Worker-37: Building] INFO  o.e.m.c.i.embedder.EclipseLogger - Copying 4 resources
2024-03-24 19:35:26,262 [Worker-37: Building] INFO  o.e.m.c.i.embedder.EclipseLogger - Using 'UTF-8' encoding to copy filtered resources.
2024-03-24 19:35:26,262 [Worker-37: Building] INFO  o.e.m.c.i.embedder.EclipseLogger - skip non existing resourceDirectory /home/korisnik/Desktop/Banka/Test - back/src/test/resources
2024-03-24 19:35:35,349 [Worker-36: Building] INFO  o.e.m.c.i.embedder.EclipseLogger - Using 'UTF-8' encoding to copy filtered resources.
2024-03-24 19:35:35,350 [Worker-36: Building] INFO  o.e.m.c.i.embedder.EclipseLogger - Copying 1 resource
2024-03-24 19:35:35,351 [Worker-36: Building] INFO  o.e.m.c.i.embedder.EclipseLogger - Copying 4 resources
2024-03-24 19:35:35,355 [Worker-36: Building] INFO  o.e.m.c.i.embedder.EclipseLogger - Using 'UTF-8' encoding to copy filtered resources.
2024-03-24 19:35:35,356 [Worker-36: Building] INFO  o.e.m.c.i.embedder.EclipseLogger - skip non existing resourceDirectory /home/korisnik/Desktop/Banka/Test - back/src/test/resources
2024-03-24 19:35:56,245 [Worker-35: Building] INFO  o.e.m.c.i.embedder.EclipseLogger - Using 'UTF-8' encoding to copy filtered resources.
2024-03-24 19:35:56,246 [Worker-35: Building] INFO  o.e.m.c.i.embedder.EclipseLogger - Copying 1 resource
2024-03-24 19:35:56,247 [Worker-35: Building] INFO  o.e.m.c.i.embedder.EclipseLogger - Copying 4 resources
2024-03-24 19:35:56,250 [Worker-35: Building] INFO  o.e.m.c.i.embedder.EclipseLogger - Using 'UTF-8' encoding to copy filtered resources.
2024-03-24 19:35:56,251 [Worker-35: Building] INFO  o.e.m.c.i.embedder.EclipseLogger - skip non existing resourceDirectory /home/korisnik/Desktop/Banka/Test - back/src/test/resources
2024-03-24 19:38:00,380 [Worker-37: Building] INFO  o.e.m.c.i.embedder.EclipseLogger - Using 'UTF-8' encoding to copy filtered resources.
2024-03-24 19:38:00,381 [Worker-37: Building] INFO  o.e.m.c.i.embedder.EclipseLogger - Copying 1 resource
2024-03-24 19:38:00,382 [Worker-37: Building] INFO  o.e.m.c.i.embedder.EclipseLogger - Copying 4 resources
2024-03-24 19:38:00,385 [Worker-37: Building] INFO  o.e.m.c.i.embedder.EclipseLogger - Using 'UTF-8' encoding to copy filtered resources.
2024-03-24 19:38:00,385 [Worker-37: Building] INFO  o.e.m.c.i.embedder.EclipseLogger - skip non existing resourceDirectory /home/korisnik/Desktop/Banka/Test - back/src/test/resources
2024-03-24 19:38:19,353 [Worker-36: Building] INFO  o.e.m.c.i.embedder.EclipseLogger - Using 'UTF-8' encoding to copy filtered resources.
2024-03-24 19:38:19,353 [Worker-36: Building] INFO  o.e.m.c.i.embedder.EclipseLogger - Copying 1 resource
2024-03-24 19:38:19,354 [Worker-36: Building] INFO  o.e.m.c.i.embedder.EclipseLogger - Copying 4 resources
2024-03-24 19:38:19,356 [Worker-36: Building] INFO  o.e.m.c.i.embedder.EclipseLogger - Using 'UTF-8' encoding to copy filtered resources.
2024-03-24 19:38:19,356 [Worker-36: Building] INFO  o.e.m.c.i.embedder.EclipseLogger - skip non existing resourceDirectory /home/korisnik/Desktop/Banka/Test - back/src/test/resources
2024-03-24 19:38:57,731 [Worker-25: Building] INFO  o.e.m.c.i.embedder.EclipseLogger - Using 'UTF-8' encoding to copy filtered resources.
2024-03-24 19:38:57,732 [Worker-25: Building] INFO  o.e.m.c.i.embedder.EclipseLogger - Copying 1 resource
2024-03-24 19:38:57,733 [Worker-25: Building] INFO  o.e.m.c.i.embedder.EclipseLogger - Copying 4 resources
2024-03-24 19:38:57,736 [Worker-25: Building] INFO  o.e.m.c.i.embedder.EclipseLogger - Using 'UTF-8' encoding to copy filtered resources.
2024-03-24 19:38:57,736 [Worker-25: Building] INFO  o.e.m.c.i.embedder.EclipseLogger - skip non existing resourceDirectory /home/korisnik/Desktop/Banka/Test - back/src/test/resources
2024-03-24 19:40:47,168 [Worker-37: Building] INFO  o.e.m.c.i.embedder.EclipseLogger - Using 'UTF-8' encoding to copy filtered resources.
2024-03-24 19:40:47,169 [Worker-37: Building] INFO  o.e.m.c.i.embedder.EclipseLogger - Copying 1 resource
2024-03-24 19:40:47,171 [Worker-37: Building] INFO  o.e.m.c.i.embedder.EclipseLogger - Copying 4 resources
2024-03-24 19:40:47,183 [Worker-37: Building] INFO  o.e.m.c.i.embedder.EclipseLogger - Using 'UTF-8' encoding to copy filtered resources.
2024-03-24 19:40:47,183 [Worker-37: Building] INFO  o.e.m.c.i.embedder.EclipseLogger - skip non existing resourceDirectory /home/korisnik/Desktop/Banka/Test - back/src/test/resources
2024-03-24 19:41:30,263 [Worker-32: Building] INFO  o.e.m.c.i.embedder.EclipseLogger - Using 'UTF-8' encoding to copy filtered resources.
2024-03-24 19:41:30,264 [Worker-32: Building] INFO  o.e.m.c.i.embedder.EclipseLogger - Copying 1 resource
2024-03-24 19:41:30,265 [Worker-32: Building] INFO  o.e.m.c.i.embedder.EclipseLogger - Copying 4 resources
2024-03-24 19:41:30,270 [Worker-32: Building] INFO  o.e.m.c.i.embedder.EclipseLogger - Using 'UTF-8' encoding to copy filtered resources.
2024-03-24 19:41:30,270 [Worker-32: Building] INFO  o.e.m.c.i.embedder.EclipseLogger - skip non existing resourceDirectory /home/korisnik/Desktop/Banka/Test - back/src/test/resources
2024-03-24 19:42:30,400 [Worker-36: Building] INFO  o.e.m.c.i.embedder.EclipseLogger - Using 'UTF-8' encoding to copy filtered resources.
2024-03-24 19:42:30,401 [Worker-36: Building] INFO  o.e.m.c.i.embedder.EclipseLogger - Copying 1 resource
2024-03-24 19:42:30,402 [Worker-36: Building] INFO  o.e.m.c.i.embedder.EclipseLogger - Copying 4 resources
2024-03-24 19:42:30,406 [Worker-36: Building] INFO  o.e.m.c.i.embedder.EclipseLogger - Using 'UTF-8' encoding to copy filtered resources.
2024-03-24 19:42:30,406 [Worker-36: Building] INFO  o.e.m.c.i.embedder.EclipseLogger - skip non existing resourceDirectory /home/korisnik/Desktop/Banka/Test - back/src/test/resources
2024-03-24 19:43:10,160 [Worker-37: Building] INFO  o.e.m.c.i.embedder.EclipseLogger - Using 'UTF-8' encoding to copy filtered resources.
2024-03-24 19:43:10,160 [Worker-37: Building] INFO  o.e.m.c.i.embedder.EclipseLogger - Copying 1 resource
2024-03-24 19:43:10,161 [Worker-37: Building] INFO  o.e.m.c.i.embedder.EclipseLogger - Copying 4 resources
2024-03-24 19:43:10,164 [Worker-37: Building] INFO  o.e.m.c.i.embedder.EclipseLogger - Using 'UTF-8' encoding to copy filtered resources.
2024-03-24 19:43:10,164 [Worker-37: Building] INFO  o.e.m.c.i.embedder.EclipseLogger - skip non existing resourceDirectory /home/korisnik/Desktop/Banka/Test - back/src/test/resources
2024-03-24 19:44:14,828 [Worker-37: Building] INFO  o.e.m.c.i.embedder.EclipseLogger - Using 'UTF-8' encoding to copy filtered resources.
2024-03-24 19:44:14,828 [Worker-37: Building] INFO  o.e.m.c.i.embedder.EclipseLogger - Copying 1 resource
2024-03-24 19:44:14,829 [Worker-37: Building] INFO  o.e.m.c.i.embedder.EclipseLogger - Copying 4 resources
2024-03-24 19:44:14,833 [Worker-37: Building] INFO  o.e.m.c.i.embedder.EclipseLogger - Using 'UTF-8' encoding to copy filtered resources.
2024-03-24 19:44:14,833 [Worker-37: Building] INFO  o.e.m.c.i.embedder.EclipseLogger - skip non existing resourceDirectory /home/korisnik/Desktop/Banka/Test - back/src/test/resources
2024-03-24 19:44:27,446 [Worker-36: Building] INFO  o.e.m.c.i.embedder.EclipseLogger - Using 'UTF-8' encoding to copy filtered resources.
2024-03-24 19:44:27,447 [Worker-36: Building] INFO  o.e.m.c.i.embedder.EclipseLogger - Copying 1 resource
2024-03-24 19:44:27,448 [Worker-36: Building] INFO  o.e.m.c.i.embedder.EclipseLogger - Copying 4 resources
2024-03-24 19:44:27,452 [Worker-36: Building] INFO  o.e.m.c.i.embedder.EclipseLogger - Using 'UTF-8' encoding to copy filtered resources.
2024-03-24 19:44:27,452 [Worker-36: Building] INFO  o.e.m.c.i.embedder.EclipseLogger - skip non existing resourceDirectory /home/korisnik/Desktop/Banka/Test - back/src/test/resources
2024-03-24 19:44:36,432 [Worker-37: Building] INFO  o.e.m.c.i.embedder.EclipseLogger - Using 'UTF-8' encoding to copy filtered resources.
2024-03-24 19:44:36,433 [Worker-37: Building] INFO  o.e.m.c.i.embedder.EclipseLogger - Copying 1 resource
2024-03-24 19:44:36,434 [Worker-37: Building] INFO  o.e.m.c.i.embedder.EclipseLogger - Copying 4 resources
2024-03-24 19:44:36,437 [Worker-37: Building] INFO  o.e.m.c.i.embedder.EclipseLogger - Using 'UTF-8' encoding to copy filtered resources.
2024-03-24 19:44:36,437 [Worker-37: Building] INFO  o.e.m.c.i.embedder.EclipseLogger - skip non existing resourceDirectory /home/korisnik/Desktop/Banka/Test - back/src/test/resources
2024-03-25 14:35:24,215 [Worker-1: Loading available Gradle versions] INFO  o.e.b.c.i.u.g.PublishedGradleVersions - Gradle version information cache is up-to-date. Trying to read.
2024-03-25 14:35:27,940 [Worker-4: Building] INFO  o.e.m.c.i.embedder.EclipseLogger - Using 'UTF-8' encoding to copy filtered resources.
2024-03-25 14:35:27,944 [Worker-4: Building] INFO  o.e.m.c.i.embedder.EclipseLogger - Copying 1 resource
2024-03-25 14:35:27,964 [Worker-4: Building] INFO  o.e.m.c.i.embedder.EclipseLogger - Copying 4 resources
2024-03-25 14:35:27,974 [Worker-4: Building] INFO  o.e.m.c.i.embedder.EclipseLogger - Using 'UTF-8' encoding to copy filtered resources.
2024-03-25 14:35:27,975 [Worker-4: Building] INFO  o.e.m.c.i.embedder.EclipseLogger - skip non existing resourceDirectory /home/korisnik/Desktop/Sprint/Test - back/src/test/resources
2024-03-25 15:18:46,220 [Worker-30: Building] INFO  o.e.m.c.i.embedder.EclipseLogger - Using 'UTF-8' encoding to copy filtered resources.
2024-03-25 15:18:46,222 [Worker-30: Building] INFO  o.e.m.c.i.embedder.EclipseLogger - Copying 1 resource
2024-03-25 15:18:46,224 [Worker-30: Building] INFO  o.e.m.c.i.embedder.EclipseLogger - Copying 4 resources
2024-03-25 15:18:46,230 [Worker-30: Building] INFO  o.e.m.c.i.embedder.EclipseLogger - Using 'UTF-8' encoding to copy filtered resources.
2024-03-25 15:18:46,230 [Worker-30: Building] INFO  o.e.m.c.i.embedder.EclipseLogger - skip non existing resourceDirectory /home/korisnik/Desktop/Banka/Test - back/src/test/resources
2024-03-25 15:28:09,890 [Worker-10: Building] INFO  o.e.m.c.i.embedder.EclipseLogger - Using 'UTF-8' encoding to copy filtered resources.
2024-03-25 15:28:09,896 [Worker-10: Building] INFO  o.e.m.c.i.embedder.EclipseLogger - Copying 1 resource
2024-03-25 15:28:09,901 [Worker-10: Building] INFO  o.e.m.c.i.embedder.EclipseLogger - Copying 4 resources
2024-03-25 15:28:09,916 [Worker-10: Building] INFO  o.e.m.c.i.embedder.EclipseLogger - Using 'UTF-8' encoding to copy filtered resources.
2024-03-25 15:28:09,917 [Worker-10: Building] INFO  o.e.m.c.i.embedder.EclipseLogger - skip non existing resourceDirectory /home/korisnik/Desktop/Banka/Test - back/src/test/resources
2024-03-25 15:41:04,515 [Worker-34: Building] INFO  o.e.m.c.i.embedder.EclipseLogger - Using 'UTF-8' encoding to copy filtered resources.
2024-03-25 15:41:04,516 [Worker-34: Building] INFO  o.e.m.c.i.embedder.EclipseLogger - Copying 1 resource
2024-03-25 15:41:04,519 [Worker-34: Building] INFO  o.e.m.c.i.embedder.EclipseLogger - Copying 4 resources
2024-03-25 15:41:04,527 [Worker-34: Building] INFO  o.e.m.c.i.embedder.EclipseLogger - Using 'UTF-8' encoding to copy filtered resources.
2024-03-25 15:41:04,527 [Worker-34: Building] INFO  o.e.m.c.i.embedder.EclipseLogger - skip non existing resourceDirectory /home/korisnik/Desktop/Banka/Test - back/src/test/resources
2024-03-25 15:42:17,966 [Worker-35: Building] INFO  o.e.m.c.i.embedder.EclipseLogger - Using 'UTF-8' encoding to copy filtered resources.
2024-03-25 15:42:17,968 [Worker-35: Building] INFO  o.e.m.c.i.embedder.EclipseLogger - Copying 1 resource
2024-03-25 15:42:17,971 [Worker-35: Building] INFO  o.e.m.c.i.embedder.EclipseLogger - Copying 4 resources
2024-03-25 15:42:17,982 [Worker-35: Building] INFO  o.e.m.c.i.embedder.EclipseLogger - Using 'UTF-8' encoding to copy filtered resources.
2024-03-25 15:42:17,982 [Worker-35: Building] INFO  o.e.m.c.i.embedder.EclipseLogger - skip non existing resourceDirectory /home/korisnik/Desktop/Banka/Test - back/src/test/resources
2024-03-25 15:44:17,206 [Worker-30: Building] INFO  o.e.m.c.i.embedder.EclipseLogger - Using 'UTF-8' encoding to copy filtered resources.
2024-03-25 15:44:17,207 [Worker-30: Building] INFO  o.e.m.c.i.embedder.EclipseLogger - Copying 1 resource
2024-03-25 15:44:17,209 [Worker-30: Building] INFO  o.e.m.c.i.embedder.EclipseLogger - Copying 4 resources
2024-03-25 15:44:17,216 [Worker-30: Building] INFO  o.e.m.c.i.embedder.EclipseLogger - Using 'UTF-8' encoding to copy filtered resources.
2024-03-25 15:44:17,216 [Worker-30: Building] INFO  o.e.m.c.i.embedder.EclipseLogger - skip non existing resourceDirectory /home/korisnik/Desktop/Banka/Test - back/src/test/resources
2024-03-25 15:45:04,404 [Worker-37: Building] INFO  o.e.m.c.i.embedder.EclipseLogger - Using 'UTF-8' encoding to copy filtered resources.
2024-03-25 15:45:04,405 [Worker-37: Building] INFO  o.e.m.c.i.embedder.EclipseLogger - Copying 1 resource
2024-03-25 15:45:04,407 [Worker-37: Building] INFO  o.e.m.c.i.embedder.EclipseLogger - Copying 4 resources
2024-03-25 15:45:04,415 [Worker-37: Building] INFO  o.e.m.c.i.embedder.EclipseLogger - Using 'UTF-8' encoding to copy filtered resources.
2024-03-25 15:45:04,416 [Worker-37: Building] INFO  o.e.m.c.i.embedder.EclipseLogger - skip non existing resourceDirectory /home/korisnik/Desktop/Banka/Test - back/src/test/resources
2024-03-25 16:42:56,051 [Worker-44: Building] INFO  o.e.m.c.i.embedder.EclipseLogger - Using 'UTF-8' encoding to copy filtered resources.
2024-03-25 16:42:56,052 [Worker-44: Building] INFO  o.e.m.c.i.embedder.EclipseLogger - Copying 0 resource
2024-03-25 16:42:56,054 [Worker-44: Building] INFO  o.e.m.c.i.embedder.EclipseLogger - Copying 1 resource
2024-03-25 16:42:56,061 [Worker-44: Building] INFO  o.e.m.c.i.embedder.EclipseLogger - Using 'UTF-8' encoding to copy filtered resources.
2024-03-25 16:42:56,061 [Worker-44: Building] INFO  o.e.m.c.i.embedder.EclipseLogger - skip non existing resourceDirectory /home/korisnik/Desktop/Banka/Test - back/src/test/resources
2024-03-25 16:43:48,617 [Worker-45: Building] INFO  o.e.m.c.i.embedder.EclipseLogger - Using 'UTF-8' encoding to copy filtered resources.
2024-03-25 16:43:48,618 [Worker-45: Building] INFO  o.e.m.c.i.embedder.EclipseLogger - Copying 0 resource
2024-03-25 16:43:48,618 [Worker-45: Building] INFO  o.e.m.c.i.embedder.EclipseLogger - Copying 1 resource
2024-03-25 16:43:48,622 [Worker-45: Building] INFO  o.e.m.c.i.embedder.EclipseLogger - Using 'UTF-8' encoding to copy filtered resources.
2024-03-25 16:43:48,622 [Worker-45: Building] INFO  o.e.m.c.i.embedder.EclipseLogger - skip non existing resourceDirectory /home/korisnik/Desktop/Banka/Test - back/src/test/resources
2024-03-25 18:00:38,773 [Worker-66: Building] INFO  o.e.m.c.i.embedder.EclipseLogger - Using 'UTF-8' encoding to copy filtered resources.
2024-03-25 18:00:38,774 [Worker-66: Building] INFO  o.e.m.c.i.embedder.EclipseLogger - Copying 1 resource
2024-03-25 18:00:38,775 [Worker-66: Building] INFO  o.e.m.c.i.embedder.EclipseLogger - Copying 4 resources
2024-03-25 18:00:38,779 [Worker-66: Building] INFO  o.e.m.c.i.embedder.EclipseLogger - Using 'UTF-8' encoding to copy filtered resources.
2024-03-25 18:00:38,779 [Worker-66: Building] INFO  o.e.m.c.i.embedder.EclipseLogger - skip non existing resourceDirectory /home/korisnik/Desktop/Banka/Test - back/src/test/resources
2024-03-25 18:02:32,792 [Worker-64: Building] INFO  o.e.m.c.i.embedder.EclipseLogger - Using 'UTF-8' encoding to copy filtered resources.
2024-03-25 18:02:32,792 [Worker-64: Building] INFO  o.e.m.c.i.embedder.EclipseLogger - Copying 1 resource
2024-03-25 18:02:32,793 [Worker-64: Building] INFO  o.e.m.c.i.embedder.EclipseLogger - Copying 4 resources
2024-03-25 18:02:32,797 [Worker-64: Building] INFO  o.e.m.c.i.embedder.EclipseLogger - Using 'UTF-8' encoding to copy filtered resources.
2024-03-25 18:02:32,797 [Worker-64: Building] INFO  o.e.m.c.i.embedder.EclipseLogger - skip non existing resourceDirectory /home/korisnik/Desktop/Banka/Test - back/src/test/resources
2024-03-25 18:02:36,092 [Worker-66: Building] INFO  o.e.m.c.i.embedder.EclipseLogger - Using 'UTF-8' encoding to copy filtered resources.
2024-03-25 18:02:36,093 [Worker-66: Building] INFO  o.e.m.c.i.embedder.EclipseLogger - Copying 1 resource
2024-03-25 18:02:36,094 [Worker-66: Building] INFO  o.e.m.c.i.embedder.EclipseLogger - Copying 4 resources
2024-03-25 18:02:36,101 [Worker-66: Building] INFO  o.e.m.c.i.embedder.EclipseLogger - Using 'UTF-8' encoding to copy filtered resources.
2024-03-25 18:02:36,101 [Worker-66: Building] INFO  o.e.m.c.i.embedder.EclipseLogger - skip non existing resourceDirectory /home/korisnik/Desktop/Banka/Test - back/src/test/resources
2024-03-25 18:03:22,700 [Worker-59: Building] INFO  o.e.m.c.i.embedder.EclipseLogger - Using 'UTF-8' encoding to copy filtered resources.
2024-03-25 18:03:22,701 [Worker-59: Building] INFO  o.e.m.c.i.embedder.EclipseLogger - Copying 1 resource
2024-03-25 18:03:22,702 [Worker-59: Building] INFO  o.e.m.c.i.embedder.EclipseLogger - Copying 4 resources
2024-03-25 18:03:22,706 [Worker-59: Building] INFO  o.e.m.c.i.embedder.EclipseLogger - Using 'UTF-8' encoding to copy filtered resources.
2024-03-25 18:03:22,707 [Worker-59: Building] INFO  o.e.m.c.i.embedder.EclipseLogger - skip non existing resourceDirectory /home/korisnik/Desktop/Banka/Test - back/src/test/resources
2024-03-25 18:03:36,261 [Worker-65: Building] INFO  o.e.m.c.i.embedder.EclipseLogger - Using 'UTF-8' encoding to copy filtered resources.
2024-03-25 18:03:36,262 [Worker-65: Building] INFO  o.e.m.c.i.embedder.EclipseLogger - Copying 1 resource
2024-03-25 18:03:36,263 [Worker-65: Building] INFO  o.e.m.c.i.embedder.EclipseLogger - Copying 4 resources
2024-03-25 18:03:36,269 [Worker-65: Building] INFO  o.e.m.c.i.embedder.EclipseLogger - Using 'UTF-8' encoding to copy filtered resources.
2024-03-25 18:03:36,269 [Worker-65: Building] INFO  o.e.m.c.i.embedder.EclipseLogger - skip non existing resourceDirectory /home/korisnik/Desktop/Banka/Test - back/src/test/resources
2024-03-25 18:05:39,763 [Worker-67: Building] INFO  o.e.m.c.i.embedder.EclipseLogger - Using 'UTF-8' encoding to copy filtered resources.
2024-03-25 18:05:39,763 [Worker-67: Building] INFO  o.e.m.c.i.embedder.EclipseLogger - Copying 1 resource
2024-03-25 18:05:39,769 [Worker-67: Building] INFO  o.e.m.c.i.embedder.EclipseLogger - Copying 4 resources
2024-03-25 18:05:39,776 [Worker-67: Building] INFO  o.e.m.c.i.embedder.EclipseLogger - Using 'UTF-8' encoding to copy filtered resources.
2024-03-25 18:05:39,776 [Worker-67: Building] INFO  o.e.m.c.i.embedder.EclipseLogger - skip non existing resourceDirectory /home/korisnik/Desktop/Banka/Test - back/src/test/resources
2024-03-25 18:06:25,709 [Worker-65: Building] INFO  o.e.m.c.i.embedder.EclipseLogger - Using 'UTF-8' encoding to copy filtered resources.
2024-03-25 18:06:25,710 [Worker-65: Building] INFO  o.e.m.c.i.embedder.EclipseLogger - Copying 1 resource
2024-03-25 18:06:25,711 [Worker-65: Building] INFO  o.e.m.c.i.embedder.EclipseLogger - Copying 4 resources
2024-03-25 18:06:25,714 [Worker-65: Building] INFO  o.e.m.c.i.embedder.EclipseLogger - Using 'UTF-8' encoding to copy filtered resources.
2024-03-25 18:06:25,714 [Worker-65: Building] INFO  o.e.m.c.i.embedder.EclipseLogger - skip non existing resourceDirectory /home/korisnik/Desktop/Banka/Test - back/src/test/resources
2024-03-25 18:07:06,807 [Worker-64: Building] INFO  o.e.m.c.i.embedder.EclipseLogger - Using 'UTF-8' encoding to copy filtered resources.
2024-03-25 18:07:06,807 [Worker-64: Building] INFO  o.e.m.c.i.embedder.EclipseLogger - Copying 1 resource
2024-03-25 18:07:06,808 [Worker-64: Building] INFO  o.e.m.c.i.embedder.EclipseLogger - Copying 4 resources
2024-03-25 18:07:06,815 [Worker-64: Building] INFO  o.e.m.c.i.embedder.EclipseLogger - Using 'UTF-8' encoding to copy filtered resources.
2024-03-25 18:07:06,815 [Worker-64: Building] INFO  o.e.m.c.i.embedder.EclipseLogger - skip non existing resourceDirectory /home/korisnik/Desktop/Banka/Test - back/src/test/resources
2024-03-25 18:07:14,665 [Worker-66: Building] INFO  o.e.m.c.i.embedder.EclipseLogger - Using 'UTF-8' encoding to copy filtered resources.
2024-03-25 18:07:14,666 [Worker-66: Building] INFO  o.e.m.c.i.embedder.EclipseLogger - Copying 1 resource
2024-03-25 18:07:14,667 [Worker-66: Building] INFO  o.e.m.c.i.embedder.EclipseLogger - Copying 4 resources
2024-03-25 18:07:14,671 [Worker-66: Building] INFO  o.e.m.c.i.embedder.EclipseLogger - Using 'UTF-8' encoding to copy filtered resources.
2024-03-25 18:07:14,672 [Worker-66: Building] INFO  o.e.m.c.i.embedder.EclipseLogger - skip non existing resourceDirectory /home/korisnik/Desktop/Banka/Test - back/src/test/resources
2024-03-25 18:12:58,010 [Worker-67: Building] INFO  o.e.m.c.i.embedder.EclipseLogger - Using 'UTF-8' encoding to copy filtered resources.
2024-03-25 18:12:58,011 [Worker-67: Building] INFO  o.e.m.c.i.embedder.EclipseLogger - Copying 1 resource
2024-03-25 18:12:58,012 [Worker-67: Building] INFO  o.e.m.c.i.embedder.EclipseLogger - Copying 4 resources
2024-03-25 18:12:58,017 [Worker-67: Building] INFO  o.e.m.c.i.embedder.EclipseLogger - Using 'UTF-8' encoding to copy filtered resources.
2024-03-25 18:12:58,017 [Worker-67: Building] INFO  o.e.m.c.i.embedder.EclipseLogger - skip non existing resourceDirectory /home/korisnik/Desktop/Banka/Test - back/src/test/resources
2024-03-25 18:16:42,067 [Worker-64: Building] INFO  o.e.m.c.i.embedder.EclipseLogger - Using 'UTF-8' encoding to copy filtered resources.
2024-03-25 18:16:42,067 [Worker-64: Building] INFO  o.e.m.c.i.embedder.EclipseLogger - Copying 1 resource
2024-03-25 18:16:42,069 [Worker-64: Building] INFO  o.e.m.c.i.embedder.EclipseLogger - Copying 4 resources
2024-03-25 18:16:42,073 [Worker-64: Building] INFO  o.e.m.c.i.embedder.EclipseLogger - Using 'UTF-8' encoding to copy filtered resources.
2024-03-25 18:16:42,074 [Worker-64: Building] INFO  o.e.m.c.i.embedder.EclipseLogger - skip non existing resourceDirectory /home/korisnik/Desktop/Banka/Test - back/src/test/resources
2024-03-25 18:16:45,822 [Worker-67: Building] INFO  o.e.m.c.i.embedder.EclipseLogger - Using 'UTF-8' encoding to copy filtered resources.
2024-03-25 18:16:45,823 [Worker-67: Building] INFO  o.e.m.c.i.embedder.EclipseLogger - Copying 1 resource
2024-03-25 18:16:45,825 [Worker-67: Building] INFO  o.e.m.c.i.embedder.EclipseLogger - Copying 4 resources
2024-03-25 18:16:45,831 [Worker-67: Building] INFO  o.e.m.c.i.embedder.EclipseLogger - Using 'UTF-8' encoding to copy filtered resources.
2024-03-25 18:16:45,831 [Worker-67: Building] INFO  o.e.m.c.i.embedder.EclipseLogger - skip non existing resourceDirectory /home/korisnik/Desktop/Banka/Test - back/src/test/resources
2024-03-25 18:17:09,863 [Worker-66: Building] INFO  o.e.m.c.i.embedder.EclipseLogger - Using 'UTF-8' encoding to copy filtered resources.
2024-03-25 18:17:09,863 [Worker-66: Building] INFO  o.e.m.c.i.embedder.EclipseLogger - Copying 1 resource
2024-03-25 18:17:09,865 [Worker-66: Building] INFO  o.e.m.c.i.embedder.EclipseLogger - Copying 4 resources
2024-03-25 18:17:09,869 [Worker-66: Building] INFO  o.e.m.c.i.embedder.EclipseLogger - Using 'UTF-8' encoding to copy filtered resources.
2024-03-25 18:17:09,869 [Worker-66: Building] INFO  o.e.m.c.i.embedder.EclipseLogger - skip non existing resourceDirectory /home/korisnik/Desktop/Banka/Test - back/src/test/resources
2024-03-25 18:20:36,900 [Worker-64: Building] INFO  o.e.m.c.i.embedder.EclipseLogger - Using 'UTF-8' encoding to copy filtered resources.
2024-03-25 18:20:36,901 [Worker-64: Building] INFO  o.e.m.c.i.embedder.EclipseLogger - Copying 1 resource
2024-03-25 18:20:36,902 [Worker-64: Building] INFO  o.e.m.c.i.embedder.EclipseLogger - Copying 4 resources
2024-03-25 18:20:36,906 [Worker-64: Building] INFO  o.e.m.c.i.embedder.EclipseLogger - Using 'UTF-8' encoding to copy filtered resources.
2024-03-25 18:20:36,907 [Worker-64: Building] INFO  o.e.m.c.i.embedder.EclipseLogger - skip non existing resourceDirectory /home/korisnik/Desktop/Banka/Test - back/src/test/resources
2024-03-25 18:22:47,090 [Worker-68: Building] INFO  o.e.m.c.i.embedder.EclipseLogger - Using 'UTF-8' encoding to copy filtered resources.
2024-03-25 18:22:47,091 [Worker-68: Building] INFO  o.e.m.c.i.embedder.EclipseLogger - Copying 1 resource
2024-03-25 18:22:47,093 [Worker-68: Building] INFO  o.e.m.c.i.embedder.EclipseLogger - Copying 4 resources
2024-03-25 18:22:47,097 [Worker-68: Building] INFO  o.e.m.c.i.embedder.EclipseLogger - Using 'UTF-8' encoding to copy filtered resources.
2024-03-25 18:22:47,097 [Worker-68: Building] INFO  o.e.m.c.i.embedder.EclipseLogger - skip non existing resourceDirectory /home/korisnik/Desktop/Banka/Test - back/src/test/resources
2024-03-25 18:23:27,107 [Worker-67: Building] INFO  o.e.m.c.i.embedder.EclipseLogger - Using 'UTF-8' encoding to copy filtered resources.
2024-03-25 18:23:27,107 [Worker-67: Building] INFO  o.e.m.c.i.embedder.EclipseLogger - Copying 1 resource
2024-03-25 18:23:27,109 [Worker-67: Building] INFO  o.e.m.c.i.embedder.EclipseLogger - Copying 4 resources
2024-03-25 18:23:27,115 [Worker-67: Building] INFO  o.e.m.c.i.embedder.EclipseLogger - Using 'UTF-8' encoding to copy filtered resources.
2024-03-25 18:23:27,115 [Worker-67: Building] INFO  o.e.m.c.i.embedder.EclipseLogger - skip non existing resourceDirectory /home/korisnik/Desktop/Banka/Test - back/src/test/resources
2024-03-25 18:24:30,353 [Worker-65: Building] INFO  o.e.m.c.i.embedder.EclipseLogger - Using 'UTF-8' encoding to copy filtered resources.
2024-03-25 18:24:30,353 [Worker-65: Building] INFO  o.e.m.c.i.embedder.EclipseLogger - Copying 1 resource
2024-03-25 18:24:30,355 [Worker-65: Building] INFO  o.e.m.c.i.embedder.EclipseLogger - Copying 4 resources
2024-03-25 18:24:30,359 [Worker-65: Building] INFO  o.e.m.c.i.embedder.EclipseLogger - Using 'UTF-8' encoding to copy filtered resources.
2024-03-25 18:24:30,359 [Worker-65: Building] INFO  o.e.m.c.i.embedder.EclipseLogger - skip non existing resourceDirectory /home/korisnik/Desktop/Banka/Test - back/src/test/resources
2024-03-25 18:25:04,364 [Worker-64: Building] INFO  o.e.m.c.i.embedder.EclipseLogger - Using 'UTF-8' encoding to copy filtered resources.
2024-03-25 18:25:04,364 [Worker-64: Building] INFO  o.e.m.c.i.embedder.EclipseLogger - Copying 1 resource
2024-03-25 18:25:04,365 [Worker-64: Building] INFO  o.e.m.c.i.embedder.EclipseLogger - Copying 4 resources
2024-03-25 18:25:04,372 [Worker-64: Building] INFO  o.e.m.c.i.embedder.EclipseLogger - Using 'UTF-8' encoding to copy filtered resources.
2024-03-25 18:25:04,372 [Worker-64: Building] INFO  o.e.m.c.i.embedder.EclipseLogger - skip non existing resourceDirectory /home/korisnik/Desktop/Banka/Test - back/src/test/resources
2024-03-25 18:38:26,697 [Worker-2: Loading available Gradle versions] INFO  o.e.b.c.i.u.g.PublishedGradleVersions - Gradle version information cache is up-to-date. Trying to read.
2024-03-25 19:06:19,891 [Worker-27: Building] INFO  o.e.m.c.i.embedder.EclipseLogger - Using 'UTF-8' encoding to copy filtered resources.
2024-03-25 19:06:19,897 [Worker-27: Building] INFO  o.e.m.c.i.embedder.EclipseLogger - Copying 1 resource
2024-03-25 19:06:19,921 [Worker-27: Building] INFO  o.e.m.c.i.embedder.EclipseLogger - Copying 4 resources
2024-03-25 19:06:19,930 [Worker-27: Building] INFO  o.e.m.c.i.embedder.EclipseLogger - Using 'UTF-8' encoding to copy filtered resources.
2024-03-25 19:06:19,930 [Worker-27: Building] INFO  o.e.m.c.i.embedder.EclipseLogger - skip non existing resourceDirectory /home/korisnik/Desktop/Banka/Test - back/src/test/resources
2024-03-25 19:06:26,096 [Worker-27: Building] INFO  o.e.m.c.i.embedder.EclipseLogger - Using 'UTF-8' encoding to copy filtered resources.
2024-03-25 19:06:26,098 [Worker-27: Building] INFO  o.e.m.c.i.embedder.EclipseLogger - Copying 1 resource
2024-03-25 19:06:26,103 [Worker-27: Building] INFO  o.e.m.c.i.embedder.EclipseLogger - Copying 4 resources
2024-03-25 19:06:26,111 [Worker-27: Building] INFO  o.e.m.c.i.embedder.EclipseLogger - Using 'UTF-8' encoding to copy filtered resources.
2024-03-25 19:06:26,111 [Worker-27: Building] INFO  o.e.m.c.i.embedder.EclipseLogger - skip non existing resourceDirectory /home/korisnik/Desktop/Banka/Test - back/src/test/resources
2024-03-25 19:06:40,827 [Worker-27: Building] INFO  o.e.m.c.i.embedder.EclipseLogger - Using 'UTF-8' encoding to copy filtered resources.
2024-03-25 19:06:40,828 [Worker-27: Building] INFO  o.e.m.c.i.embedder.EclipseLogger - Copying 1 resource
2024-03-25 19:06:40,831 [Worker-27: Building] INFO  o.e.m.c.i.embedder.EclipseLogger - Copying 4 resources
2024-03-25 19:06:40,842 [Worker-27: Building] INFO  o.e.m.c.i.embedder.EclipseLogger - Using 'UTF-8' encoding to copy filtered resources.
2024-03-25 19:06:40,842 [Worker-27: Building] INFO  o.e.m.c.i.embedder.EclipseLogger - skip non existing resourceDirectory /home/korisnik/Desktop/Banka/Test - back/src/test/resources
2024-03-25 19:07:05,637 [Worker-26: Building] INFO  o.e.m.c.i.embedder.EclipseLogger - Using 'UTF-8' encoding to copy filtered resources.
2024-03-25 19:07:05,639 [Worker-26: Building] INFO  o.e.m.c.i.embedder.EclipseLogger - Copying 1 resource
2024-03-25 19:07:05,643 [Worker-26: Building] INFO  o.e.m.c.i.embedder.EclipseLogger - Copying 4 resources
2024-03-25 19:07:05,654 [Worker-26: Building] INFO  o.e.m.c.i.embedder.EclipseLogger - Using 'UTF-8' encoding to copy filtered resources.
2024-03-25 19:07:05,656 [Worker-26: Building] INFO  o.e.m.c.i.embedder.EclipseLogger - skip non existing resourceDirectory /home/korisnik/Desktop/Banka/Test - back/src/test/resources
2024-03-25 19:09:52,019 [Worker-27: Building] INFO  o.e.m.c.i.embedder.EclipseLogger - Using 'UTF-8' encoding to copy filtered resources.
2024-03-25 19:09:52,022 [Worker-27: Building] INFO  o.e.m.c.i.embedder.EclipseLogger - Copying 1 resource
2024-03-25 19:09:52,030 [Worker-27: Building] INFO  o.e.m.c.i.embedder.EclipseLogger - Copying 4 resources
2024-03-25 19:09:52,048 [Worker-27: Building] INFO  o.e.m.c.i.embedder.EclipseLogger - Using 'UTF-8' encoding to copy filtered resources.
2024-03-25 19:09:52,048 [Worker-27: Building] INFO  o.e.m.c.i.embedder.EclipseLogger - skip non existing resourceDirectory /home/korisnik/Desktop/Banka/Test - back/src/test/resources
2024-03-25 19:33:59,420 [Worker-35: Building] INFO  o.e.m.c.i.embedder.EclipseLogger - Using 'UTF-8' encoding to copy filtered resources.
2024-03-25 19:33:59,421 [Worker-35: Building] INFO  o.e.m.c.i.embedder.EclipseLogger - Copying 1 resource
2024-03-25 19:33:59,422 [Worker-35: Building] INFO  o.e.m.c.i.embedder.EclipseLogger - Copying 4 resources
2024-03-25 19:33:59,427 [Worker-35: Building] INFO  o.e.m.c.i.embedder.EclipseLogger - Using 'UTF-8' encoding to copy filtered resources.
2024-03-25 19:33:59,427 [Worker-35: Building] INFO  o.e.m.c.i.embedder.EclipseLogger - skip non existing resourceDirectory /home/korisnik/Desktop/Banka/Test - back/src/test/resources
2024-03-25 19:36:19,419 [Worker-36: Building] INFO  o.e.m.c.i.embedder.EclipseLogger - Using 'UTF-8' encoding to copy filtered resources.
2024-03-25 19:36:19,420 [Worker-36: Building] INFO  o.e.m.c.i.embedder.EclipseLogger - Copying 1 resource
2024-03-25 19:36:19,423 [Worker-36: Building] INFO  o.e.m.c.i.embedder.EclipseLogger - Copying 4 resources
2024-03-25 19:36:19,427 [Worker-36: Building] INFO  o.e.m.c.i.embedder.EclipseLogger - Using 'UTF-8' encoding to copy filtered resources.
2024-03-25 19:36:19,427 [Worker-36: Building] INFO  o.e.m.c.i.embedder.EclipseLogger - skip non existing resourceDirectory /home/korisnik/Desktop/Banka/Test - back/src/test/resources
2024-03-25 22:56:20,394 [Worker-3: Loading available Gradle versions] INFO  o.e.b.c.i.u.g.PublishedGradleVersions - Gradle version information cache is up-to-date. Trying to read.
2024-03-25 22:59:06,631 [Worker-22: Building] INFO  o.e.m.c.i.embedder.EclipseLogger - Using 'UTF-8' encoding to copy filtered resources.
2024-03-25 22:59:06,643 [Worker-22: Building] INFO  o.e.m.c.i.embedder.EclipseLogger - Copying 1 resource
2024-03-25 22:59:06,680 [Worker-22: Building] INFO  o.e.m.c.i.embedder.EclipseLogger - Copying 4 resources
2024-03-25 22:59:06,698 [Worker-22: Building] INFO  o.e.m.c.i.embedder.EclipseLogger - Using 'UTF-8' encoding to copy filtered resources.
2024-03-25 22:59:06,699 [Worker-22: Building] INFO  o.e.m.c.i.embedder.EclipseLogger - skip non existing resourceDirectory /home/korisnik/Desktop/Banka/Test - back/src/test/resources
2024-03-25 23:02:26,018 [Worker-23: Building] INFO  o.e.m.c.i.embedder.EclipseLogger - Using 'UTF-8' encoding to copy filtered resources.
2024-03-25 23:02:26,024 [Worker-23: Building] INFO  o.e.m.c.i.embedder.EclipseLogger - Copying 1 resource
2024-03-25 23:02:26,028 [Worker-23: Building] INFO  o.e.m.c.i.embedder.EclipseLogger - Copying 4 resources
2024-03-25 23:02:26,037 [Worker-23: Building] INFO  o.e.m.c.i.embedder.EclipseLogger - Using 'UTF-8' encoding to copy filtered resources.
2024-03-25 23:02:26,037 [Worker-23: Building] INFO  o.e.m.c.i.embedder.EclipseLogger - skip non existing resourceDirectory /home/korisnik/Desktop/Banka/Test - back/src/test/resources
2024-03-25 23:06:25,772 [Worker-23: Building] INFO  o.e.m.c.i.embedder.EclipseLogger - Using 'UTF-8' encoding to copy filtered resources.
2024-03-25 23:06:25,774 [Worker-23: Building] INFO  o.e.m.c.i.embedder.EclipseLogger - Copying 1 resource
2024-03-25 23:06:25,778 [Worker-23: Building] INFO  o.e.m.c.i.embedder.EclipseLogger - Copying 4 resources
2024-03-25 23:06:25,787 [Worker-23: Building] INFO  o.e.m.c.i.embedder.EclipseLogger - Using 'UTF-8' encoding to copy filtered resources.
2024-03-25 23:06:25,788 [Worker-23: Building] INFO  o.e.m.c.i.embedder.EclipseLogger - skip non existing resourceDirectory /home/korisnik/Desktop/Banka/Test - back/src/test/resources
2024-03-25 23:09:06,199 [Worker-23: Building] INFO  o.e.m.c.i.embedder.EclipseLogger - Using 'UTF-8' encoding to copy filtered resources.
2024-03-25 23:09:06,200 [Worker-23: Building] INFO  o.e.m.c.i.embedder.EclipseLogger - Copying 1 resource
2024-03-25 23:09:06,205 [Worker-23: Building] INFO  o.e.m.c.i.embedder.EclipseLogger - Copying 4 resources
2024-03-25 23:09:06,213 [Worker-23: Building] INFO  o.e.m.c.i.embedder.EclipseLogger - Using 'UTF-8' encoding to copy filtered resources.
2024-03-25 23:09:06,213 [Worker-23: Building] INFO  o.e.m.c.i.embedder.EclipseLogger - skip non existing resourceDirectory /home/korisnik/Desktop/Banka/Test - back/src/test/resources
2024-03-25 23:16:39,018 [Worker-26: Building] INFO  o.e.m.c.i.embedder.EclipseLogger - Using 'UTF-8' encoding to copy filtered resources.
2024-03-25 23:16:39,022 [Worker-26: Building] INFO  o.e.m.c.i.embedder.EclipseLogger - Copying 1 resource
2024-03-25 23:16:39,030 [Worker-26: Building] INFO  o.e.m.c.i.embedder.EclipseLogger - Copying 4 resources
2024-03-25 23:16:39,056 [Worker-26: Building] INFO  o.e.m.c.i.embedder.EclipseLogger - Using 'UTF-8' encoding to copy filtered resources.
2024-03-25 23:16:39,057 [Worker-26: Building] INFO  o.e.m.c.i.embedder.EclipseLogger - skip non existing resourceDirectory /home/korisnik/Desktop/Banka/Test - back/src/test/resources
2024-03-25 23:18:51,016 [Worker-29: Building] INFO  o.e.m.c.i.embedder.EclipseLogger - Using 'UTF-8' encoding to copy filtered resources.
2024-03-25 23:18:51,017 [Worker-29: Building] INFO  o.e.m.c.i.embedder.EclipseLogger - Copying 1 resource
2024-03-25 23:18:51,053 [Worker-29: Building] INFO  o.e.m.c.i.embedder.EclipseLogger - Copying 4 resources
2024-03-25 23:18:51,082 [Worker-29: Building] INFO  o.e.m.c.i.embedder.EclipseLogger - Using 'UTF-8' encoding to copy filtered resources.
2024-03-25 23:18:51,083 [Worker-29: Building] INFO  o.e.m.c.i.embedder.EclipseLogger - skip non existing resourceDirectory /home/korisnik/Desktop/Banka/Test - back/src/test/resources
2024-03-25 23:20:51,914 [Worker-33: Building] INFO  o.e.m.c.i.embedder.EclipseLogger - Using 'UTF-8' encoding to copy filtered resources.
2024-03-25 23:20:51,917 [Worker-33: Building] INFO  o.e.m.c.i.embedder.EclipseLogger - Copying 1 resource
2024-03-25 23:20:51,947 [Worker-33: Building] INFO  o.e.m.c.i.embedder.EclipseLogger - Copying 4 resources
2024-03-25 23:20:51,967 [Worker-33: Building] INFO  o.e.m.c.i.embedder.EclipseLogger - Using 'UTF-8' encoding to copy filtered resources.
2024-03-25 23:20:51,968 [Worker-33: Building] INFO  o.e.m.c.i.embedder.EclipseLogger - skip non existing resourceDirectory /home/korisnik/Desktop/Banka/Test - back/src/test/resources
2024-03-25 23:22:12,171 [Worker-32: Building] INFO  o.e.m.c.i.embedder.EclipseLogger - Using 'UTF-8' encoding to copy filtered resources.
2024-03-25 23:22:12,172 [Worker-32: Building] INFO  o.e.m.c.i.embedder.EclipseLogger - Copying 1 resource
2024-03-25 23:22:12,176 [Worker-32: Building] INFO  o.e.m.c.i.embedder.EclipseLogger - Copying 4 resources
2024-03-25 23:22:12,216 [Worker-32: Building] INFO  o.e.m.c.i.embedder.EclipseLogger - Using 'UTF-8' encoding to copy filtered resources.
2024-03-25 23:22:12,218 [Worker-32: Building] INFO  o.e.m.c.i.embedder.EclipseLogger - skip non existing resourceDirectory /home/korisnik/Desktop/Banka/Test - back/src/test/resources
2024-03-25 23:26:46,100 [Worker-28: Building] INFO  o.e.m.c.i.embedder.EclipseLogger - Using 'UTF-8' encoding to copy filtered resources.
2024-03-25 23:26:46,102 [Worker-28: Building] INFO  o.e.m.c.i.embedder.EclipseLogger - Copying 1 resource
2024-03-25 23:26:46,112 [Worker-28: Building] INFO  o.e.m.c.i.embedder.EclipseLogger - Copying 4 resources
2024-03-25 23:26:46,127 [Worker-28: Building] INFO  o.e.m.c.i.embedder.EclipseLogger - Using 'UTF-8' encoding to copy filtered resources.
2024-03-25 23:26:46,128 [Worker-28: Building] INFO  o.e.m.c.i.embedder.EclipseLogger - skip non existing resourceDirectory /home/korisnik/Desktop/Banka/Test - back/src/test/resources
2024-03-25 23:38:57,524 [Worker-32: Building] INFO  o.e.m.c.i.embedder.EclipseLogger - Using 'UTF-8' encoding to copy filtered resources.
2024-03-25 23:38:57,526 [Worker-32: Building] INFO  o.e.m.c.i.embedder.EclipseLogger - Copying 1 resource
2024-03-25 23:38:57,530 [Worker-32: Building] INFO  o.e.m.c.i.embedder.EclipseLogger - Copying 4 resources
2024-03-25 23:38:57,545 [Worker-32: Building] INFO  o.e.m.c.i.embedder.EclipseLogger - Using 'UTF-8' encoding to copy filtered resources.
2024-03-25 23:38:57,546 [Worker-32: Building] INFO  o.e.m.c.i.embedder.EclipseLogger - skip non existing resourceDirectory /home/korisnik/Desktop/Banka/Test - back/src/test/resources
2024-03-25 23:47:55,096 [Worker-38: Building] INFO  o.e.m.c.i.embedder.EclipseLogger - Using 'UTF-8' encoding to copy filtered resources.
2024-03-25 23:47:55,097 [Worker-38: Building] INFO  o.e.m.c.i.embedder.EclipseLogger - Copying 1 resource
2024-03-25 23:47:55,101 [Worker-38: Building] INFO  o.e.m.c.i.embedder.EclipseLogger - Copying 4 resources
2024-03-25 23:47:55,111 [Worker-38: Building] INFO  o.e.m.c.i.embedder.EclipseLogger - Using 'UTF-8' encoding to copy filtered resources.
2024-03-25 23:47:55,112 [Worker-38: Building] INFO  o.e.m.c.i.embedder.EclipseLogger - skip non existing resourceDirectory /home/korisnik/Desktop/Banka/Test - back/src/test/resources
2024-03-25 23:50:25,836 [Worker-34: Building] INFO  o.e.m.c.i.embedder.EclipseLogger - Using 'UTF-8' encoding to copy filtered resources.
2024-03-25 23:50:25,837 [Worker-34: Building] INFO  o.e.m.c.i.embedder.EclipseLogger - Copying 1 resource
2024-03-25 23:50:25,840 [Worker-34: Building] INFO  o.e.m.c.i.embedder.EclipseLogger - Copying 4 resources
2024-03-25 23:50:25,852 [Worker-34: Building] INFO  o.e.m.c.i.embedder.EclipseLogger - Using 'UTF-8' encoding to copy filtered resources.
2024-03-25 23:50:25,853 [Worker-34: Building] INFO  o.e.m.c.i.embedder.EclipseLogger - skip non existing resourceDirectory /home/korisnik/Desktop/Banka/Test - back/src/test/resources
2024-03-25 23:51:55,106 [Worker-36: Building] INFO  o.e.m.c.i.embedder.EclipseLogger - Using 'UTF-8' encoding to copy filtered resources.
2024-03-25 23:51:55,110 [Worker-36: Building] INFO  o.e.m.c.i.embedder.EclipseLogger - Copying 1 resource
2024-03-25 23:51:55,115 [Worker-36: Building] INFO  o.e.m.c.i.embedder.EclipseLogger - Copying 4 resources
2024-03-25 23:51:55,133 [Worker-36: Building] INFO  o.e.m.c.i.embedder.EclipseLogger - Using 'UTF-8' encoding to copy filtered resources.
2024-03-25 23:51:55,134 [Worker-36: Building] INFO  o.e.m.c.i.embedder.EclipseLogger - skip non existing resourceDirectory /home/korisnik/Desktop/Banka/Test - back/src/test/resources
2024-03-25 23:54:08,217 [Worker-37: Building] INFO  o.e.m.c.i.embedder.EclipseLogger - Using 'UTF-8' encoding to copy filtered resources.
2024-03-25 23:54:08,220 [Worker-37: Building] INFO  o.e.m.c.i.embedder.EclipseLogger - Copying 0 resource
2024-03-25 23:54:08,225 [Worker-37: Building] INFO  o.e.m.c.i.embedder.EclipseLogger - Copying 1 resource
2024-03-25 23:54:08,261 [Worker-37: Building] INFO  o.e.m.c.i.embedder.EclipseLogger - Using 'UTF-8' encoding to copy filtered resources.
2024-03-25 23:54:08,266 [Worker-37: Building] INFO  o.e.m.c.i.embedder.EclipseLogger - skip non existing resourceDirectory /home/korisnik/Desktop/Banka/Test - back/src/test/resources
